<?xml version="1.0" encoding="utf-8"?>
<TestRun id="f28164b4-62cf-43da-99d3-05b6920f9287" name="sebas@SEB-LAPTOP-LENO 2025-12-30 16:06:45" runUser="SEB-LAPTOP-LENO\sebas" xmlns="http://microsoft.com/schemas/VisualStudio/TeamTest/2010">
  <Times creation="2025-12-30T16:06:45.1238222+01:00" queuing="2025-12-30T16:06:45.1238222+01:00" start="2025-12-30T16:06:42.0092311+01:00" finish="2025-12-30T16:10:01.7948308+01:00" />
  <TestSettings name="default" id="de291974-dd6a-4dd6-9956-b2fa320204c5">
    <Deployment runDeploymentRoot="sebas_SEB-LAPTOP-LENO_2025-12-30_16_06_45" />
  </TestSettings>
  <Results>
    <UnitTestResult executionId="031bbd1c-7eed-486e-a5a8-21144111355f" testId="dfccb1b2-dc7f-e546-7ada-38aaef1d4962" testName="BenchmarkMemoryProfile" computerName="SEB-LAPTOP-LENO" duration="00:00:01.4351651" startTime="2025-12-30T16:06:44.1066043+01:00" endTime="2025-12-30T16:06:45.5435297+01:00" testType="13cdc9d9-ddb5-4fa4-a97d-d965ccfc6d4b" outcome="Passed" testListId="8c84fa94-04c1-424b-9868-57a2d4851a1d" relativeResultsDirectory="031bbd1c-7eed-486e-a5a8-21144111355f">
      <Output>
        <StdOut>=== Memory Profile ===&#xD;
Calling reset from ParserState constructor, GameState&#xD;
Calling reset from ParserState constructor, PowerTaskList&#xD;
ReplayParser constructor over, False&#xD;
Clearing 1 processed lines, D 11:44:27.1160876 GameState.DebugPrintPower() - CREATE_GAME&#xD;
Handling create game, &#xD;
Is reconnecting?, statType=GameState, ended=False, creates=0, spectating=False, gameSeed=, currentGameSeed=0&#xD;
resetting game state, ended is now Ended=False, GameState&#xD;
will emit NEW_GAME event, CREATE_GAME&#xD;
Created a new game, GameState 12/31/2025 11:44:27 AM,1/1/0001 12:00:00 AM&#xD;
No show entity, fallback to fullentity in hand, &#xD;
No full entity in hand, fallback to fullentity, &#xD;
Tried to assign player name, PlayerID=4, PlayerName=Daedin#2991&#xD;
Tried to assign player name, PlayerID=12, PlayerName=GhostPants&#xD;
Handling create game, &#xD;
resetting game state, ended is now Ended=False, PowerTaskList&#xD;
Created a new game, PowerTaskList 12/31/2025 11:44:27 AM,12/31/2025 11:44:27 AM&#xD;
will consider hero selection event, 4&#xD;
will emit hero selection event, &#xD;
Prep BATTLEGROUNDS_RECRUIT_PHASE, &#xD;
Prep BATTLEGROUNDS_COMBAT_START, &#xD;
Starting to build player boards, TAG_CHANGE Entity=GameEntity tag=2022 value=0&#xD;
Building opponent board for playerPlayerId=12, playerEntityId=12, &#xD;
Player boards built, &#xD;
Prep BATTLEGROUNDS_RECRUIT_PHASE, &#xD;
Prep BATTLEGROUNDS_COMBAT_START, &#xD;
Starting to build player boards, TAG_CHANGE Entity=GameEntity tag=2022 value=0&#xD;
Building opponent board for playerPlayerId=12, playerEntityId=12, &#xD;
Player boards built, &#xD;
Prep BATTLEGROUNDS_RECRUIT_PHASE, &#xD;
Prep BATTLEGROUNDS_COMBAT_START, &#xD;
Starting to build player boards, TAG_CHANGE Entity=GameEntity tag=2022 value=0&#xD;
Building opponent board for playerPlayerId=12, playerEntityId=12, &#xD;
Player boards built, &#xD;
Prep BATTLEGROUNDS_RECRUIT_PHASE, &#xD;
Providing player board events 12/31/2025 12:08:00 PM TAG_CHANGE Entity=GameEntity tag=2022 value=0, player:  opponent: &#xD;
Providing player board events 12/31/2025 12:08:52 PM TAG_CHANGE Entity=GameEntity tag=2022 value=0, player:  opponent: &#xD;
Providing player board events 12/31/2025 12:09:55 PM TAG_CHANGE Entity=GameEntity tag=2022 value=0, player:  opponent: &#xD;
Prep BATTLEGROUNDS_COMBAT_START, &#xD;
Starting to build player boards, TAG_CHANGE Entity=GameEntity tag=2022 value=0&#xD;
Building opponent board for playerPlayerId=12, playerEntityId=12, &#xD;
Player boards built, &#xD;
Prep BATTLEGROUNDS_RECRUIT_PHASE, &#xD;
Prep BATTLEGROUNDS_COMBAT_START, &#xD;
Starting to build player boards, TAG_CHANGE Entity=GameEntity tag=2022 value=0&#xD;
Building opponent board for playerPlayerId=12, playerEntityId=12, &#xD;
Player boards built, &#xD;
Prep BATTLEGROUNDS_RECRUIT_PHASE, &#xD;
No match, D 11:53:40.7886294 ChoiceCardMgr.DoesLocalChoiceMatchPacket(): Null list passed in! localChoices=, packetChoices=System.Collections.Generic.List`1[System.Int32].&#xD;
Prep BATTLEGROUNDS_COMBAT_START, &#xD;
Starting to build player boards, TAG_CHANGE Entity=GameEntity tag=2022 value=0&#xD;
Building opponent board for playerPlayerId=12, playerEntityId=12, &#xD;
Player boards built, &#xD;
Prep BATTLEGROUNDS_RECRUIT_PHASE, &#xD;
Prep BATTLEGROUNDS_COMBAT_START, &#xD;
Providing player board events 12/31/2025 11:46:29 AM TAG_CHANGE Entity=GameEntity tag=2022 value=0, player:  opponent: BG25_001&#xD;
Providing player board events 12/31/2025 11:47:23 AM TAG_CHANGE Entity=GameEntity tag=2022 value=0, player:  opponent: &#xD;
Providing player board events 12/31/2025 11:48:25 AM TAG_CHANGE Entity=GameEntity tag=2022 value=0, player:  opponent: BGS_115'BG20_100&#xD;
Providing player board events 12/31/2025 11:49:43 AM TAG_CHANGE Entity=GameEntity tag=2022 value=0, player:  opponent: BG20_203'BG27_028'BG32_235&#xD;
Providing player board events 12/31/2025 11:51:15 AM TAG_CHANGE Entity=GameEntity tag=2022 value=0, player:  opponent: BG33_886'BG33_886'BG20_100'BG20_100'BG27_028&#xD;
Starting to build player boards, TAG_CHANGE Entity=GameEntity tag=2022 value=0&#xD;
Building opponent board for playerPlayerId=12, playerEntityId=12, &#xD;
Player boards built, &#xD;
Prep BATTLEGROUNDS_RECRUIT_PHASE, &#xD;
Prep BATTLEGROUNDS_COMBAT_START, &#xD;
Ending current game in GS, TAG_CHANGE Entity=GameEntity tag=STATE value=COMPLETE&#xD;
Game Ended in type=GameState, Ended=True&#xD;
Starting to build player boards, TAG_CHANGE Entity=GameEntity tag=2022 value=0&#xD;
Building opponent board for playerPlayerId=12, playerEntityId=12, &#xD;
Player boards built, &#xD;
Parsing end game, TAG_CHANGE Entity=GameEntity tag=STATE value=COMPLETE&#xD;
Will convert to xml, &#xD;
XML converted, &#xD;
gameStateReport built, &#xD;
Enqueuing GAME_END event, &#xD;
Game Ended in type=PowerTaskList, Ended=True&#xD;
Clearing 40540 processed lines, D 12:06:08.0932187 GameState.DebugPrintPower() - CREATE_GAME&#xD;
Providing player board events 12/31/2025 11:53:51 AM TAG_CHANGE Entity=GameEntity tag=2022 value=0, player:  opponent: &#xD;
Providing player board events 12/31/2025 11:55:48 AM TAG_CHANGE Entity=GameEntity tag=2022 value=0, player:  opponent: BG28_300_G'BG34_Giant_332'BG26_ICC_901&#xD;
Providing player board events 12/31/2025 11:57:43 AM TAG_CHANGE Entity=GameEntity tag=2022 value=0, player:  opponent: BG33_111'BG25_010'BGS_071'BG31_177_G'BGS_066'BG34_170&#xD;
Handling create game, &#xD;
Is reconnecting?, statType=GameState, ended=True, creates=1, spectating=False, gameSeed=1947879353, currentGameSeed=0&#xD;
resetting game state, ended is now Ended=False, GameState&#xD;
will emit NEW_GAME event, CREATE_GAME&#xD;
Created a new game, GameState 12/31/2025 12:06:08 PM,12/31/2025 11:57:50 AM&#xD;
No show entity, fallback to fullentity in hand, &#xD;
No full entity in hand, fallback to fullentity, &#xD;
Tried to assign player name, PlayerID=2, PlayerName=Daedin#2991&#xD;
Tried to assign player name, PlayerID=10, PlayerName=MagicTurtle&#xD;
Handling create game, &#xD;
resetting game state, ended is now Ended=False, PowerTaskList&#xD;
Created a new game, PowerTaskList 12/31/2025 12:06:08 PM,12/31/2025 12:06:08 PM&#xD;
will consider hero selection event, 4&#xD;
will emit hero selection event, &#xD;
Prep BATTLEGROUNDS_RECRUIT_PHASE, &#xD;
Prep BATTLEGROUNDS_COMBAT_START, &#xD;
Starting to build player boards, TAG_CHANGE Entity=GameEntity tag=2022 value=0&#xD;
Building opponent board for playerPlayerId=10, playerEntityId=6, &#xD;
Player boards built, &#xD;
Prep BATTLEGROUNDS_RECRUIT_PHASE, &#xD;
Prep BATTLEGROUNDS_COMBAT_START, &#xD;
Starting to build player boards, TAG_CHANGE Entity=GameEntity tag=2022 value=0&#xD;
Building opponent board for playerPlayerId=10, playerEntityId=6, &#xD;
Player boards built, &#xD;
Prep BATTLEGROUNDS_RECRUIT_PHASE, &#xD;
Prep BATTLEGROUNDS_COMBAT_START, &#xD;
Starting to build player boards, TAG_CHANGE Entity=GameEntity tag=2022 value=0&#xD;
Building opponent board for playerPlayerId=10, playerEntityId=6, &#xD;
Player boards built, &#xD;
Prep BATTLEGROUNDS_RECRUIT_PHASE, &#xD;
Prep BATTLEGROUNDS_COMBAT_START, &#xD;
Starting to build player boards, TAG_CHANGE Entity=GameEntity tag=2022 value=0&#xD;
Building opponent board for playerPlayerId=10, playerEntityId=6, &#xD;
WARNING: could not find hero power, &#xD;
Player boards built, &#xD;
Prep BATTLEGROUNDS_RECRUIT_PHASE, &#xD;
Prep BATTLEGROUNDS_COMBAT_START, &#xD;
Starting to build player boards, TAG_CHANGE Entity=GameEntity tag=2022 value=0&#xD;
Building opponent board for playerPlayerId=10, playerEntityId=6, &#xD;
Player boards built, &#xD;
Prep BATTLEGROUNDS_RECRUIT_PHASE, &#xD;
No match, D 12:15:08.6164664 ChoiceCardMgr.DoesLocalChoiceMatchPacket(): Null list passed in! localChoices=, packetChoices=System.Collections.Generic.List`1[System.Int32].&#xD;
Prep BATTLEGROUNDS_COMBAT_START, &#xD;
Starting to build player boards, TAG_CHANGE Entity=GameEntity tag=2022 value=0&#xD;
Building opponent board for playerPlayerId=10, playerEntityId=6, &#xD;
Player boards built, &#xD;
Providing player board events 12/31/2025 12:08:00 PM TAG_CHANGE Entity=GameEntity tag=2022 value=0, player:  opponent: BG22_401&#xD;
Providing player board events 12/31/2025 12:08:52 PM TAG_CHANGE Entity=GameEntity tag=2022 value=0, player:  opponent: BG32_236_G&#xD;
Providing player board events 12/31/2025 12:09:55 PM TAG_CHANGE Entity=GameEntity tag=2022 value=0, player:  opponent: BG33_886'BG33_886&#xD;
Providing player board events 12/31/2025 12:11:12 PM TAG_CHANGE Entity=GameEntity tag=2022 value=0, player:  opponent: BG34_650'BGS_004&#xD;
Providing player board events 12/31/2025 12:12:44 PM TAG_CHANGE Entity=GameEntity tag=2022 value=0, player:  opponent: BG34_230'BG21_018'BG32_235'BG26_174'BG26_501&#xD;
Prep BATTLEGROUNDS_RECRUIT_PHASE, &#xD;
Parsing end game, TAG_CHANGE Entity=Daedin#2991 tag=3479 value=1&#xD;
Will convert to xml, &#xD;
XML converted, &#xD;
gameStateReport built, &#xD;
Enqueuing GAME_END event, &#xD;
Game Ended in type=PowerTaskList, Ended=True&#xD;
Ending current game in GS, TAG_CHANGE Entity=GameEntity tag=STATE value=COMPLETE&#xD;
Game Ended in type=GameState, Ended=True&#xD;
Parsing end game, TAG_CHANGE Entity=GameEntity tag=STATE value=COMPLETE&#xD;
Will convert to xml, &#xD;
XML converted, &#xD;
gameStateReport built, &#xD;
Enqueuing GAME_END event, &#xD;
Game Ended in type=PowerTaskList, Ended=True&#xD;
Memory Growth Over Time:&#xD;
Lines	Memory (MB)	Gen0	Gen1	Gen2&#xD;
3873	32.79		69	22	10&#xD;
7746	38.56		72	24	11&#xD;
11619	39.78		76	26	12&#xD;
15492	37.75		81	27	13&#xD;
19365	36.31		86	28	14&#xD;
23238	37.93		91	29	15&#xD;
27111	37.14		95	30	16&#xD;
30984	39.49		100	32	17&#xD;
34857	43.28		104	34	18&#xD;
38730	41.94		108	35	19&#xD;
42603	49.68		115	38	20&#xD;
46476	35.78		119	39	21&#xD;
50349	35.90		123	40	22&#xD;
54222	38.50		127	41	23&#xD;
58095	38.18		132	42	24&#xD;
61968	37.55		137	43	25&#xD;
65841	38.59		141	44	26&#xD;
69714	41.33		147	45	27&#xD;
73587	43.13		151	46	28&#xD;
77460	54.33		160	49	29&#xD;
77470	54.37		160	49	29</StdOut>
      </Output>
    </UnitTestResult>
    <UnitTestResult executionId="2f05c38f-cb49-4757-a946-ec4d8e259667" testId="3031d3f9-0b7a-9ee8-678b-4118e4dcbdd0" testName="BenchmarkMultipleRuns" computerName="SEB-LAPTOP-LENO" duration="00:00:00.8769119" startTime="2025-12-30T16:06:47.6654470+01:00" endTime="2025-12-30T16:06:48.5386394+01:00" testType="13cdc9d9-ddb5-4fa4-a97d-d965ccfc6d4b" outcome="Failed" testListId="8c84fa94-04c1-424b-9868-57a2d4851a1d" relativeResultsDirectory="2f05c38f-cb49-4757-a946-ec4d8e259667">
      <Output>
        <StdOut>=== Multiple Runs Benchmark ===&#xD;
Calling reset from ParserState constructor, GameState&#xD;
Calling reset from ParserState constructor, PowerTaskList&#xD;
ReplayParser constructor over, False&#xD;
Calling reset from ReplayParser.init(), &#xD;
Extracted seed, 1947879353&#xD;
Extracted game seed = 1947879353, &#xD;
Clearing 1 processed lines, D 11:44:27.1160876 GameState.DebugPrintPower() - CREATE_GAME&#xD;
Handling create game, &#xD;
Is reconnecting?, statType=GameState, ended=False, creates=0, spectating=False, gameSeed=, currentGameSeed=1947879353&#xD;
resetting game state, ended is now Ended=False, GameState&#xD;
will emit NEW_GAME event, CREATE_GAME&#xD;
Created a new game, GameState 12/31/2025 11:44:27 AM,1/1/0001 12:00:00 AM&#xD;
No show entity, fallback to fullentity in hand, &#xD;
No full entity in hand, fallback to fullentity, &#xD;
Tried to assign player name, PlayerID=4, PlayerName=Daedin#2991&#xD;
Tried to assign player name, PlayerID=12, PlayerName=GhostPants&#xD;
Handling create game, &#xD;
resetting game state, ended is now Ended=False, PowerTaskList&#xD;
Created a new game, PowerTaskList 12/31/2025 11:44:27 AM,12/31/2025 11:44:27 AM&#xD;
will consider hero selection event, 4&#xD;
will emit hero selection event, &#xD;
Prep BATTLEGROUNDS_RECRUIT_PHASE, &#xD;
Prep BATTLEGROUNDS_COMBAT_START, &#xD;
Starting to build player boards, TAG_CHANGE Entity=GameEntity tag=2022 value=0&#xD;
Building opponent board for playerPlayerId=12, playerEntityId=12, &#xD;
Player boards built, &#xD;
Prep BATTLEGROUNDS_RECRUIT_PHASE, &#xD;
Prep BATTLEGROUNDS_COMBAT_START, &#xD;
Starting to build player boards, TAG_CHANGE Entity=GameEntity tag=2022 value=0&#xD;
Building opponent board for playerPlayerId=12, playerEntityId=12, &#xD;
Player boards built, &#xD;
Prep BATTLEGROUNDS_RECRUIT_PHASE, &#xD;
Prep BATTLEGROUNDS_COMBAT_START, &#xD;
Starting to build player boards, TAG_CHANGE Entity=GameEntity tag=2022 value=0&#xD;
Building opponent board for playerPlayerId=12, playerEntityId=12, &#xD;
Player boards built, &#xD;
Prep BATTLEGROUNDS_RECRUIT_PHASE, &#xD;
Prep BATTLEGROUNDS_COMBAT_START, &#xD;
Starting to build player boards, TAG_CHANGE Entity=GameEntity tag=2022 value=0&#xD;
Building opponent board for playerPlayerId=12, playerEntityId=12, &#xD;
Player boards built, &#xD;
Prep BATTLEGROUNDS_RECRUIT_PHASE, &#xD;
Prep BATTLEGROUNDS_COMBAT_START, &#xD;
Starting to build player boards, TAG_CHANGE Entity=GameEntity tag=2022 value=0&#xD;
Building opponent board for playerPlayerId=12, playerEntityId=12, &#xD;
Player boards built, &#xD;
Prep BATTLEGROUNDS_RECRUIT_PHASE, &#xD;
No match, D 11:53:40.7886294 ChoiceCardMgr.DoesLocalChoiceMatchPacket(): Null list passed in! localChoices=, packetChoices=System.Collections.Generic.List`1[System.Int32].&#xD;
Prep BATTLEGROUNDS_COMBAT_START, &#xD;
Starting to build player boards, TAG_CHANGE Entity=GameEntity tag=2022 value=0&#xD;
Building opponent board for playerPlayerId=12, playerEntityId=12, &#xD;
Player boards built, &#xD;
Prep BATTLEGROUNDS_RECRUIT_PHASE, &#xD;
Prep BATTLEGROUNDS_COMBAT_START, &#xD;
Starting to build player boards, TAG_CHANGE Entity=GameEntity tag=2022 value=0&#xD;
Building opponent board for playerPlayerId=12, playerEntityId=12, &#xD;
Providing player board events 12/31/2025 12:08:00 PM TAG_CHANGE Entity=GameEntity tag=2022 value=0, player:  opponent: &#xD;
Providing player board events 12/31/2025 12:08:52 PM TAG_CHANGE Entity=GameEntity tag=2022 value=0, player:  opponent: &#xD;
Providing player board events 12/31/2025 12:09:55 PM TAG_CHANGE Entity=GameEntity tag=2022 value=0, player:  opponent: &#xD;
Player boards built, &#xD;
Prep BATTLEGROUNDS_RECRUIT_PHASE, &#xD;
Prep BATTLEGROUNDS_COMBAT_START, &#xD;
Providing player board events 12/31/2025 11:46:29 AM TAG_CHANGE Entity=GameEntity tag=2022 value=0, player:  opponent: BG25_001&#xD;
Providing player board events 12/31/2025 11:47:23 AM TAG_CHANGE Entity=GameEntity tag=2022 value=0, player:  opponent: &#xD;
Providing player board events 12/31/2025 11:48:25 AM TAG_CHANGE Entity=GameEntity tag=2022 value=0, player:  opponent: BGS_115'BG20_100&#xD;
Providing player board events 12/31/2025 11:49:43 AM TAG_CHANGE Entity=GameEntity tag=2022 value=0, player:  opponent: BG20_203'BG27_028'BG32_235&#xD;
Providing player board events 12/31/2025 11:51:15 AM TAG_CHANGE Entity=GameEntity tag=2022 value=0, player:  opponent: BG33_886'BG33_886'BG20_100'BG20_100'BG27_028&#xD;
Ending current game in GS, TAG_CHANGE Entity=GameEntity tag=STATE value=COMPLETE&#xD;
Game Ended in type=GameState, Ended=True&#xD;
Starting to build player boards, TAG_CHANGE Entity=GameEntity tag=2022 value=0&#xD;
Building opponent board for playerPlayerId=12, playerEntityId=12, &#xD;
Player boards built, &#xD;
Parsing end game, TAG_CHANGE Entity=GameEntity tag=STATE value=COMPLETE&#xD;
Will convert to xml, &#xD;
XML converted, &#xD;
gameStateReport built, &#xD;
Enqueuing GAME_END event, &#xD;
Game Ended in type=PowerTaskList, Ended=True&#xD;
Clearing 40540 processed lines, D 12:06:08.0932187 GameState.DebugPrintPower() - CREATE_GAME&#xD;
Providing player board events 12/31/2025 11:53:51 AM TAG_CHANGE Entity=GameEntity tag=2022 value=0, player:  opponent: &#xD;
Providing player board events 12/31/2025 11:55:48 AM TAG_CHANGE Entity=GameEntity tag=2022 value=0, player:  opponent: BG28_300_G'BG34_Giant_332'BG26_ICC_901&#xD;
Providing player board events 12/31/2025 11:57:43 AM TAG_CHANGE Entity=GameEntity tag=2022 value=0, player:  opponent: BG33_111'BG25_010'BGS_071'BG31_177_G'BGS_066'BG34_170&#xD;
Handling create game, &#xD;
Is reconnecting?, statType=GameState, ended=True, creates=1, spectating=False, gameSeed=1947879353, currentGameSeed=1947879353&#xD;
Probable reconnect detected GameState 12/31/2025 12:06:08 PM // 12/31/2025 11:57:50 AM // True // 1 // False // GameState // CREATE_GAME, 00:08:17.2282534&#xD;
Exceptionw while assigning player name, PlayerID=2, PlayerName=Daedin#2991&#xD;
Exceptionw while assigning player name, PlayerID=10, PlayerName=MagicTurtle&#xD;
Handling create game, &#xD;
will consider hero selection event, 0&#xD;
ERROR: Exception while parsing node, The given key was not present in the dictionary.&#xD;
Entities[0]=[entityName=Lady Vashj id=90 zone=HAND zonePos=2 cardId=BG23_HERO_304 player=2], &#xD;
   at System.ThrowHelper.ThrowKeyNotFoundException()&#xD;
   at System.Collections.Generic.Dictionary`2.get_Item(TKey key)&#xD;
   at HearthstoneReplays.Events.Parsers.BattlegroundsHeroSelectedParser.CreateGameEventProviderFromNew(Node node) in D:\sources\firestone\hs-game-converter-csharp-port\HearthstoneReplays\Events\Parsers\BattlegroundsHeroSelectedParser.cs:line 82&#xD;
   at HearthstoneReplays.Events.NodeParser.NewNode(Node node, StateType stateType) in D:\sources\firestone\hs-game-converter-csharp-port\HearthstoneReplays\Events\NodeParser.cs:line 79, &#xD;
ERROR: Exception while parsing node, Object reference not set to an instance of an object.&#xD;
SHOW_ENTITY - Updating Entity=[entityName=UNKNOWN ENTITY [cardType=INVALID] id=589 zone=PLAY zonePos=0 cardId= player=10] CardID=BG29_813e, &#xD;
   at HearthstoneReplays.Events.Parsers.HeroEnchantmentAttachedParser.CreateGameEventProviderFromClose(Node node) in D:\sources\firestone\hs-game-converter-csharp-port\HearthstoneReplays\Events\Parsers\HeroEnchantmentAttachedParser.cs:line 88&#xD;
   at HearthstoneReplays.Events.NodeParser.CloseNode(Node node, StateType stateType) in D:\sources\firestone\hs-game-converter-csharp-port\HearthstoneReplays\Events\NodeParser.cs:line 107, &#xD;
ERROR: Exception while parsing node, Object reference not set to an instance of an object.&#xD;
SHOW_ENTITY - Updating Entity=[entityName=UNKNOWN ENTITY [cardType=INVALID] id=590 zone=PLAY zonePos=0 cardId= player=10] CardID=Bacon_TagTransferPlayerE, &#xD;
   at HearthstoneReplays.Events.Parsers.HeroEnchantmentAttachedParser.CreateGameEventProviderFromClose(Node node) in D:\sources\firestone\hs-game-converter-csharp-port\HearthstoneReplays\Events\Parsers\HeroEnchantmentAttachedParser.cs:line 88&#xD;
   at HearthstoneReplays.Events.NodeParser.CloseNode(Node node, StateType stateType) in D:\sources\firestone\hs-game-converter-csharp-port\HearthstoneReplays\Events\NodeParser.cs:line 107, &#xD;
Starting to build player boards, TAG_CHANGE Entity=GameEntity tag=2022 value=0&#xD;
WARNING: could not find hero power, &#xD;
Building opponent board for playerPlayerId=12, playerEntityId=12, &#xD;
WARNING: could not find hero power, &#xD;
Player boards built, &#xD;
ERROR: Exception while parsing node, Object reference not set to an instance of an object.&#xD;
SHOW_ENTITY - Updating Entity=[entityName=UNKNOWN ENTITY [cardType=INVALID] id=989 zone=PLAY zonePos=0 cardId= player=10] CardID=BG29_813e, &#xD;
   at HearthstoneReplays.Events.Parsers.HeroEnchantmentAttachedParser.CreateGameEventProviderFromClose(Node node) in D:\sources\firestone\hs-game-converter-csharp-port\HearthstoneReplays\Events\Parsers\HeroEnchantmentAttachedParser.cs:line 88&#xD;
   at HearthstoneReplays.Events.NodeParser.CloseNode(Node node, StateType stateType) in D:\sources\firestone\hs-game-converter-csharp-port\HearthstoneReplays\Events\NodeParser.cs:line 107, &#xD;
ERROR: Exception while parsing node, Object reference not set to an instance of an object.&#xD;
SHOW_ENTITY - Updating Entity=[entityName=UNKNOWN ENTITY [cardType=INVALID] id=990 zone=PLAY zonePos=0 cardId= player=10] CardID=Bacon_TagTransferPlayerE, &#xD;
   at HearthstoneReplays.Events.Parsers.HeroEnchantmentAttachedParser.CreateGameEventProviderFromClose(Node node) in D:\sources\firestone\hs-game-converter-csharp-port\HearthstoneReplays\Events\Parsers\HeroEnchantmentAttachedParser.cs:line 88&#xD;
   at HearthstoneReplays.Events.NodeParser.CloseNode(Node node, StateType stateType) in D:\sources\firestone\hs-game-converter-csharp-port\HearthstoneReplays\Events\NodeParser.cs:line 107, &#xD;
Starting to build player boards, TAG_CHANGE Entity=GameEntity tag=2022 value=0&#xD;
WARNING: could not find hero power, &#xD;
Building opponent board for playerPlayerId=12, playerEntityId=12, &#xD;
WARNING: could not find hero power, &#xD;
Player boards built, &#xD;
ERROR: Exception while parsing node, Object reference not set to an instance of an object.&#xD;
SHOW_ENTITY - Updating Entity=[entityName=UNKNOWN ENTITY [cardType=INVALID] id=1517 zone=PLAY zonePos=0 cardId= player=10] CardID=BG29_813e, &#xD;
   at HearthstoneReplays.Events.Parsers.HeroEnchantmentAttachedParser.CreateGameEventProviderFromClose(Node node) in D:\sources\firestone\hs-game-converter-csharp-port\HearthstoneReplays\Events\Parsers\HeroEnchantmentAttachedParser.cs:line 88&#xD;
   at HearthstoneReplays.Events.NodeParser.CloseNode(Node node, StateType stateType) in D:\sources\firestone\hs-game-converter-csharp-port\HearthstoneReplays\Events\NodeParser.cs:line 107, &#xD;
ERROR: Exception while parsing node, Object reference not set to an instance of an object.&#xD;
SHOW_ENTITY - Updating Entity=[entityName=UNKNOWN ENTITY [cardType=INVALID] id=1518 zone=PLAY zonePos=0 cardId= player=10] CardID=Bacon_TagTransferPlayerE, &#xD;
   at HearthstoneReplays.Events.Parsers.HeroEnchantmentAttachedParser.CreateGameEventProviderFromClose(Node node) in D:\sources\firestone\hs-game-converter-csharp-port\HearthstoneReplays\Events\Parsers\HeroEnchantmentAttachedParser.cs:line 88&#xD;
   at HearthstoneReplays.Events.NodeParser.CloseNode(Node node, StateType stateType) in D:\sources\firestone\hs-game-converter-csharp-port\HearthstoneReplays\Events\NodeParser.cs:line 107, &#xD;
ERROR: Exception while parsing node, Object reference not set to an instance of an object.&#xD;
SHOW_ENTITY - Updating Entity=[entityName=UNKNOWN ENTITY [cardType=INVALID] id=1519 zone=PLAY zonePos=0 cardId= player=10] CardID=BG26_159pe, &#xD;
   at HearthstoneReplays.Events.Parsers.HeroEnchantmentAttachedParser.CreateGameEventProviderFromClose(Node node) in D:\sources\firestone\hs-game-converter-csharp-port\HearthstoneReplays\Events\Parsers\HeroEnchantmentAttachedParser.cs:line 88&#xD;
   at HearthstoneReplays.Events.NodeParser.CloseNode(Node node, StateType stateType) in D:\sources\firestone\hs-game-converter-csharp-port\HearthstoneReplays\Events\NodeParser.cs:line 107, &#xD;
Starting to build player boards, TAG_CHANGE Entity=GameEntity tag=2022 value=0&#xD;
WARNING: could not find hero power, &#xD;
Building opponent board for playerPlayerId=12, playerEntityId=12, &#xD;
WARNING: could not find hero power, &#xD;
Player boards built, &#xD;
ERROR: Exception while parsing node, Object reference not set to an instance of an object.&#xD;
SHOW_ENTITY - Updating Entity=[entityName=UNKNOWN ENTITY [cardType=INVALID] id=2077 zone=PLAY zonePos=0 cardId= player=10] CardID=BG29_813e, &#xD;
   at HearthstoneReplays.Events.Parsers.HeroEnchantmentAttachedParser.CreateGameEventProviderFromClose(Node node) in D:\sources\firestone\hs-game-converter-csharp-port\HearthstoneReplays\Events\Parsers\HeroEnchantmentAttachedParser.cs:line 88&#xD;
   at HearthstoneReplays.Events.NodeParser.CloseNode(Node node, StateType stateType) in D:\sources\firestone\hs-game-converter-csharp-port\HearthstoneReplays\Events\NodeParser.cs:line 107, &#xD;
ERROR: Exception while parsing node, Object reference not set to an instance of an object.&#xD;
SHOW_ENTITY - Updating Entity=[entityName=UNKNOWN ENTITY [cardType=INVALID] id=2078 zone=PLAY zonePos=0 cardId= player=10] CardID=Bacon_TagTransferPlayerE, &#xD;
   at HearthstoneReplays.Events.Parsers.HeroEnchantmentAttachedParser.CreateGameEventProviderFromClose(Node node) in D:\sources\firestone\hs-game-converter-csharp-port\HearthstoneReplays\Events\Parsers\HeroEnchantmentAttachedParser.cs:line 88&#xD;
   at HearthstoneReplays.Events.NodeParser.CloseNode(Node node, StateType stateType) in D:\sources\firestone\hs-game-converter-csharp-port\HearthstoneReplays\Events\NodeParser.cs:line 107,</StdOut>
        <ErrorInfo>
          <Message>Test method HearthstoneReplayTests.PerformanceBenchmarkTest.BenchmarkMultipleRuns threw exception: &#xD;
System.NullReferenceException: Object reference not set to an instance of an object.</Message>
          <StackTrace>    at HearthstoneReplays.Parser.ReplayData.Entities.GameState.PlayerIdFromEntityName(String data) in D:\sources\firestone\hs-game-converter-csharp-port\HearthstoneReplays\Events\GameState.cs:line 389&#xD;
   at HearthstoneReplays.Parser.Helper.GetPlayerIdFromName(String data) in D:\sources\firestone\hs-game-converter-csharp-port\HearthstoneReplays\Parser\Helper.cs:line 191&#xD;
   at HearthstoneReplays.Parser.Helper.ParseEntity(String data) in D:\sources\firestone\hs-game-converter-csharp-port\HearthstoneReplays\Parser\Helper.cs:line 59&#xD;
   at HearthstoneReplays.Parser.Handlers.BlockStartHandler.HandleBlockStart(DateTime timestamp, String data, ParserState state, Int32 indentLevel, Helper helper) in D:\sources\firestone\hs-game-converter-csharp-port\HearthstoneReplays\Parser\Handlers\DataHandler\BlockStartHandler.cs:line 35&#xD;
   at HearthstoneReplays.Parser.Handlers.DataHandler.&lt;&gt;c__DisplayClass3_0.&lt;.ctor&gt;b__3(DateTime timestamp, String data, ParserState state, StateType stateType, StateFacade facade, Int32 indent) in D:\sources\firestone\hs-game-converter-csharp-port\HearthstoneReplays\Parser\Handlers\DataHandler.cs:line 37&#xD;
   at HearthstoneReplays.Parser.Handlers.DataHandler.Handle(DateTime timestamp, String data, ParserState state, StateType stateType, DateTime previousTimestamp, StateFacade stateFacade, Int64 currentGameSeed, Boolean resettingGame) in D:\sources\firestone\hs-game-converter-csharp-port\HearthstoneReplays\Parser\Handlers\DataHandler.cs:line 82&#xD;
   at HearthstoneReplays.Parser.ReplayParser.AddData(String timestamp, String method, String data, Int64 gameSeed) in D:\sources\firestone\hs-game-converter-csharp-port\HearthstoneReplays\Parser\ReplayParser.cs:line 295&#xD;
   at HearthstoneReplays.Parser.ReplayParser.ReadLine(String line, Int64 gameSeed, Int32 lineIndex) in D:\sources\firestone\hs-game-converter-csharp-port\HearthstoneReplays\Parser\ReplayParser.cs:line 220&#xD;
   at HearthstoneReplays.Parser.ReplayParser.Read(String[] lines) in D:\sources\firestone\hs-game-converter-csharp-port\HearthstoneReplays\Parser\ReplayParser.cs:line 97&#xD;
   at HearthstoneReplays.Parser.ReplayParser.FromString(IEnumerable`1 lines, GameType[] gameTypes) in D:\sources\firestone\hs-game-converter-csharp-port\HearthstoneReplays\Parser\ReplayParser.cs:line 66&#xD;
   at HearthstoneReplayTests.PerformanceBenchmarkTest.BenchmarkMultipleRuns() in D:\sources\firestone\hs-game-converter-csharp-port\HearthstoneReplayTests\PerformanceBenchmarkTest.cs:line 260&#xD;
</StackTrace>
        </ErrorInfo>
      </Output>
    </UnitTestResult>
    <UnitTestResult executionId="b4734d87-324e-48ec-bf01-9f0fae8b4402" testId="cfc6e2bb-23bf-5f65-d6c5-bfe46422161c" testName="Test" computerName="SEB-LAPTOP-LENO" duration="00:00:05.3396323" startTime="2025-12-30T16:06:48.5386394+01:00" endTime="2025-12-30T16:06:53.8833540+01:00" testType="13cdc9d9-ddb5-4fa4-a97d-d965ccfc6d4b" outcome="Passed" testListId="8c84fa94-04c1-424b-9868-57a2d4851a1d" relativeResultsDirectory="b4734d87-324e-48ec-bf01-9f0fae8b4402">
      <Output>
        <StdOut>Calling reset from ParserState constructor, GameState&#xD;
Calling reset from ParserState constructor, PowerTaskList&#xD;
ReplayParser constructor over, False&#xD;
Calling reset from ReplayParser.init(), &#xD;
Extracted seed, 1700075151&#xD;
Extracted game seed = 1700075151, &#xD;
Clearing 1 processed lines, D 20:26:48.8983744 GameState.DebugPrintPower() - CREATE_GAME&#xD;
Handling create game, &#xD;
Is reconnecting?, statType=GameState, ended=False, creates=0, spectating=False, gameSeed=, currentGameSeed=1700075151&#xD;
resetting game state, ended is now Ended=False, GameState&#xD;
will emit NEW_GAME event, CREATE_GAME&#xD;
Created a new game, GameState 12/30/2025 8:26:48 PM,1/1/0001 12:00:00 AM&#xD;
Tried to assign player name, PlayerID=1, PlayerName=UNKNOWN HUMAN PLAYER&#xD;
Tried to assign player name, PlayerID=2, PlayerName=Chmielinho#2928&#xD;
{"Type":"NEW_GAME","Value":{"Spectating":false,"Timestamp":1767122808898}},&#xD;
{"Type":"MATCH_METADATA","Value":{"MetaData":{"BuildNumber":231720,"FormatType":1,"GameType":42,"ScenarioID":5481},"Spectating":false}},&#xD;
{"Type":"LOCAL_PLAYER","Value":{"Id":3,"AccountHi":"144115198130930503","AccountLo":"81455542","PlayerId":2,"Name":"Chmielinho#2928","Rank":null,"LegendRank":null,"CardID":"HERO_04bh","IsMainPlayer":true}},&#xD;
{"Type":"ENTITY_CHOSEN","Value":{"CardId":"BG34_HeroPowerSpell_015","ControllerId":4,"EntityId":2378,"AdditionalProps":{"OriginalEntityId":null,"Context":{"CreatorEntityId":379,"CreatorCardId":"BG34_BlackMarket"}}}},&#xD;
{"Type":"OPPONENT_PLAYER","Value":{}},&#xD;
Handling create game, &#xD;
resetting game state, ended is now Ended=False, PowerTaskList&#xD;
{"Type":"TURN_START","Value":{"Turn":-1,"Timestamp":1767179168093,"ActivePlayerId":12}},&#xD;
Created a new game, PowerTaskList 12/30/2025 8:26:48 PM,12/30/2025 8:26:48 PM&#xD;
will consider hero selection event, 0&#xD;
will consider hero selection event, 0&#xD;
{"Type":"BATTLEGROUNDS_RECRUIT_PHASE","Value":{"Turn":-1,"Heroes":[],"VisualBoardState":2}},&#xD;
{"Type":"GAME_SETTINGS","Value":{"BattlegroundsPrizes":false,"BattlegroundsSpells":true,"BattlegroundsQuests":false,"BattlegroundsBuddies":false,"BattlegroundsTrinkets":false,"BattlegroundsAnomalies":[-1],"BattlegroundsTimewarped":true}},&#xD;
{"Type":"HERO_REVEALED","Value":{"CardId":"TB_BaconShop_HERO_PH","ControllerId":2,"EntityId":27,"AdditionalProps":{"Health":30}}},&#xD;
{"Type":"HERO_REVEALED","Value":{"CardId":"TB_BaconShopBob_SKIN_R4","ControllerId":10,"EntityId":46,"AdditionalProps":{"Health":60}}},&#xD;
{"Type":"GAME_RUNNING","Value":{"AdditionalProps":{"PlayerDeckCount":0,"OpponentDeckCount":0}}},&#xD;
{"Type":"RECONNECT_OVER","Value":null},&#xD;
{"Type":"FIRST_PLAYER","Value":{"EntityId":12}},&#xD;
{"Type":"RECEIVE_CARD_IN_HAND","Value":{"CardId":"TB_BaconShop_HERO_62","ControllerId":2,"EntityId":89,"AdditionalProps":{"CreatorCardId":"Unknown","CreatorEntityId":10,"CreatedIndex":12,"IsPremium":false,"BuffingEntityCardId":null,"BuffCardId":null,"AdditionalPlayInfo":null,"DataNum1":-1,"DataNum2":-1,"Position":1,"ReferencedCardIds":[],"GuessedTags":[{"Name":50,"Value":2},{"Name":202,"Value":3},{"Name":45,"Value":30},{"Name":49,"Value":3},{"Name":53,"Value":89},{"Name":199,"Value":12},{"Name":201,"Value":3},{"Name":203,"Value":2},{"Name":263,"Value":1},{"Name":273,"Value":1},{"Name":292,"Value":17},{"Name":313,"Value":4},{"Name":380,"Value":61919},{"Name":1491,"Value":1},{"Name":1556,"Value":1},{"Name":2130,"Value":77800},{"Name":2840,"Value":1},{"Name":2954,"Value":18},{"Name":3085,"Value":30},{"Name":3206,"Value":15}]}}},&#xD;
{"Type":"ARMOR_CHANGED","Value":{"CardId":"TB_BaconShop_HERO_62","ControllerId":2,"EntityId":89,"AdditionalProps":{"PlayerId":-1,"ArmorChange":1,"TotalArmor":18}}},&#xD;
{"Type":"RECEIVE_CARD_IN_HAND","Value":{"CardId":"BG23_HERO_304","ControllerId":2,"EntityId":90,"AdditionalProps":{"CreatorCardId":"Unknown","CreatorEntityId":10,"CreatedIndex":13,"IsPremium":false,"BuffingEntityCardId":null,"BuffCardId":null,"AdditionalPlayInfo":null,"DataNum1":-1,"DataNum2":-1,"Position":2,"ReferencedCardIds":[],"GuessedTags":[{"Name":50,"Value":2},{"Name":202,"Value":3},{"Name":45,"Value":30},{"Name":49,"Value":3},{"Name":53,"Value":90},{"Name":199,"Value":12},{"Name":203,"Value":2},{"Name":263,"Value":2},{"Name":273,"Value":1},{"Name":292,"Value":16},{"Name":313,"Value":4},{"Name":380,"Value":85126},{"Name":1491,"Value":1},{"Name":1556,"Value":1},{"Name":2130,"Value":101458},{"Name":-1,"Value":1},{"Name":2840,"Value":1},{"Name":3085,"Value":30},{"Name":3190,"Value":100},{"Name":3206,"Value":14}]}}},&#xD;
{"Type":"RECEIVE_CARD_IN_HAND","Value":{"CardId":"TB_BaconShop_HERO_43","ControllerId":2,"EntityId":91,"AdditionalProps":{"CreatorCardId":"Unknown","CreatorEntityId":10,"CreatedIndex":14,"IsPremium":false,"BuffingEntityCardId":null,"BuffCardId":null,"AdditionalPlayInfo":null,"DataNum1":-1,"DataNum2":-1,"Position":3,"ReferencedCardIds":[],"GuessedTags":[{"Name":50,"Value":2},{"Name":202,"Value":3},{"Name":45,"Value":30},{"Name":49,"Value":3},{"Name":53,"Value":91},{"Name":199,"Value":12},{"Name":201,"Value":3},{"Name":203,"Value":2},{"Name":263,"Value":3},{"Name":273,"Value":1},{"Name":292,"Value":18},{"Name":313,"Value":4},{"Name":380,"Value":60218},{"Name":1491,"Value":1},{"Name":1556,"Value":1},{"Name":2130,"Value":77784},{"Name":2840,"Value":1},{"Name":3085,"Value":30},{"Name":3206,"Value":16}]}}},&#xD;
{"Type":"RECEIVE_CARD_IN_HAND","Value":{"CardId":"BG21_HERO_000","ControllerId":2,"EntityId":92,"AdditionalProps":{"CreatorCardId":"Unknown","CreatorEntityId":10,"CreatedIndex":15,"IsPremium":false,"BuffingEntityCardId":null,"BuffCardId":null,"AdditionalPlayInfo":null,"DataNum1":-1,"DataNum2":-1,"Position":4,"ReferencedCardIds":[],"GuessedTags":[{"Name":50,"Value":2},{"Name":202,"Value":3},{"Name":45,"Value":30},{"Name":49,"Value":3},{"Name":53,"Value":92},{"Name":199,"Value":12},{"Name":201,"Value":3},{"Name":203,"Value":2},{"Name":263,"Value":4},{"Name":273,"Value":1},{"Name":292,"Value":16},{"Name":313,"Value":4},{"Name":380,"Value":73941},{"Name":1491,"Value":1},{"Name":1556,"Value":1},{"Name":2130,"Value":77778},{"Name":2840,"Value":1},{"Name":2954,"Value":10},{"Name":3085,"Value":30},{"Name":3190,"Value":100},{"Name":3206,"Value":13}]}}},&#xD;
{"Type":"ARMOR_CHANGED","Value":{"CardId":"BG21_HERO_000","ControllerId":2,"EntityId":92,"AdditionalProps":{"PlayerId":-1,"ArmorChange":-6,"TotalArmor":10}}},&#xD;
{"Type":"CARD_REMOVED_FROM_HAND","Value":{"CardId":"BG21_HERO_000","ControllerId":2,"EntityId":92,"AdditionalProps":{"RemovedByCardId":null,"RemovedByEntityId":10}}},&#xD;
{"Type":"RECEIVE_CARD_IN_HAND","Value":{"CardId":"BG21_HERO_000","ControllerId":2,"EntityId":92,"AdditionalProps":{"CreatorCardId":null,"CreatorEntityId":10,"CreatedIndex":8,"LastInfluencedByCardId":null,"IsPremium":false,"Position":0,"GuessedTags":null,"Tags":[{"Name":50,"Value":2},{"Name":202,"Value":3},{"Name":45,"Value":30},{"Name":49,"Value":6},{"Name":53,"Value":92},{"Name":199,"Value":12},{"Name":201,"Value":3},{"Name":203,"Value":2},{"Name":263,"Value":0},{"Name":273,"Value":1},{"Name":292,"Value":10},{"Name":313,"Value":4},{"Name":380,"Value":73941},{"Name":1491,"Value":1},{"Name":1556,"Value":1},{"Name":2130,"Value":77778},{"Name":2840,"Value":1},{"Name":2954,"Value":10},{"Name":3085,"Value":30},{"Name":3190,"Value":100},{"Name":3206,"Value":13},{"Name":3877,"Value":1},{"Name":2210,"Value":30},{"Name":2348,"Value":34},{"Name":1068,"Value":0},{"Name":18,"Value":4}]}}},&#xD;
{"Type":"ZONE_POSITION_CHANGED","Value":{"CardId":null,"ControllerId":2,"EntityId":92,"AdditionalProps":{"ZonePosition":4,"ZoneUpdates":[{"CardId":"BG21_HERO_000","EntityId":92,"ControllerId":2,"Zone":3,"NewPosition":4}]}}},&#xD;
{"Type":"ZONE_POSITION_CHANGED","Value":{"CardId":null,"ControllerId":2,"EntityId":92,"AdditionalProps":{"ZonePosition":3,"ZoneUpdates":[{"CardId":"BG21_HERO_000","EntityId":92,"ControllerId":2,"Zone":3,"NewPosition":3}]}}},&#xD;
{"Type":"ZONE_POSITION_CHANGED","Value":{"CardId":null,"ControllerId":2,"EntityId":91,"AdditionalProps":{"ZonePosition":2,"ZoneUpdates":[{"CardId":"TB_BaconShop_HERO_43","EntityId":91,"ControllerId":2,"Zone":3,"NewPosition":2}]}}},&#xD;
{"Type":"CARD_REMOVED_FROM_HAND","Value":{"CardId":"BG23_HERO_304","ControllerId":2,"EntityId":90,"AdditionalProps":{"RemovedByCardId":null,"RemovedByEntityId":10}}},&#xD;
{"Type":"RECEIVE_CARD_IN_HAND","Value":{"CardId":"BG23_HERO_304","ControllerId":2,"EntityId":90,"AdditionalProps":{"CreatorCardId":null,"CreatorEntityId":10,"CreatedIndex":9,"LastInfluencedByCardId":null,"IsPremium":false,"Position":0,"GuessedTags":null,"Tags":[{"Name":50,"Value":2},{"Name":202,"Value":3},{"Name":45,"Value":30},{"Name":49,"Value":6},{"Name":53,"Value":90},{"Name":199,"Value":12},{"Name":203,"Value":2},{"Name":263,"Value":0},{"Name":273,"Value":1},{"Name":292,"Value":16},{"Name":313,"Value":4},{"Name":380,"Value":85126},{"Name":1491,"Value":1},{"Name":1556,"Value":1},{"Name":2130,"Value":101458},{"Name":-1,"Value":1},{"Name":2840,"Value":1},{"Name":3085,"Value":30},{"Name":3190,"Value":100},{"Name":3206,"Value":14},{"Name":2210,"Value":30},{"Name":2348,"Value":34},{"Name":1068,"Value":0},{"Name":18,"Value":4}]}}},&#xD;
{"Type":"ZONE_POSITION_CHANGED","Value":{"CardId":null,"ControllerId":2,"EntityId":90,"AdditionalProps":{"ZonePosition":4,"ZoneUpdates":[{"CardId":"BG23_HERO_304","EntityId":90,"ControllerId":2,"Zone":3,"NewPosition":4}]}}},&#xD;
{"Type":"ZONE_POSITION_CHANGED","Value":{"CardId":null,"ControllerId":2,"EntityId":90,"AdditionalProps":{"ZonePosition":3,"ZoneUpdates":[{"CardId":"BG23_HERO_304","EntityId":90,"ControllerId":2,"Zone":3,"NewPosition":3}]}}},&#xD;
{"Type":"ZONE_POSITION_CHANGED","Value":{"CardId":null,"ControllerId":2,"EntityId":92,"AdditionalProps":{"ZonePosition":2,"ZoneUpdates":[{"CardId":"BG21_HERO_000","EntityId":92,"ControllerId":2,"Zone":3,"NewPosition":2}]}}},&#xD;
{"Type":"ZONE_POSITION_CHANGED","Value":{"CardId":null,"ControllerId":2,"EntityId":91,"AdditionalProps":{"ZonePosition":1,"ZoneUpdates":[{"CardId":"TB_BaconShop_HERO_43","EntityId":91,"ControllerId":2,"Zone":3,"NewPosition":1}]}}},&#xD;
{"Type":"CARD_REMOVED_FROM_HAND","Value":{"CardId":"TB_BaconShop_HERO_62","ControllerId":2,"EntityId":89,"AdditionalProps":{"RemovedByCardId":null,"RemovedByEntityId":10}}},&#xD;
{"Type":"RECEIVE_CARD_IN_HAND","Value":{"CardId":"TB_BaconShop_HERO_62","ControllerId":2,"EntityId":89,"AdditionalProps":{"CreatorCardId":null,"CreatorEntityId":10,"CreatedIndex":10,"LastInfluencedByCardId":null,"IsPremium":false,"Position":0,"GuessedTags":null,"Tags":[{"Name":50,"Value":2},{"Name":202,"Value":3},{"Name":45,"Value":30},{"Name":49,"Value":6},{"Name":53,"Value":89},{"Name":199,"Value":12},{"Name":201,"Value":3},{"Name":203,"Value":2},{"Name":263,"Value":0},{"Name":273,"Value":1},{"Name":292,"Value":18},{"Name":313,"Value":4},{"Name":380,"Value":61919},{"Name":1491,"Value":1},{"Name":1556,"Value":1},{"Name":2130,"Value":77800},{"Name":2840,"Value":1},{"Name":2954,"Value":18},{"Name":3085,"Value":30},{"Name":3206,"Value":15},{"Name":2210,"Value":30},{"Name":2348,"Value":34},{"Name":1068,"Value":0},{"Name":18,"Value":4}]}}},&#xD;
{"Type":"ZONE_POSITION_CHANGED","Value":{"CardId":null,"ControllerId":2,"EntityId":89,"AdditionalProps":{"ZonePosition":4,"ZoneUpdates":[{"CardId":"TB_BaconShop_HERO_62","EntityId":89,"ControllerId":2,"Zone":3,"NewPosition":4}]}}},&#xD;
{"Type":"ZONE_POSITION_CHANGED","Value":{"CardId":null,"ControllerId":2,"EntityId":89,"AdditionalProps":{"ZonePosition":3,"ZoneUpdates":[{"CardId":"TB_BaconShop_HERO_62","EntityId":89,"ControllerId":2,"Zone":3,"NewPosition":3}]}}},&#xD;
{"Type":"ZONE_POSITION_CHANGED","Value":{"CardId":null,"ControllerId":2,"EntityId":90,"AdditionalProps":{"ZonePosition":2,"ZoneUpdates":[{"CardId":"BG23_HERO_304","EntityId":90,"ControllerId":2,"Zone":3,"NewPosition":2}]}}},&#xD;
{"Type":"ZONE_POSITION_CHANGED","Value":{"CardId":null,"ControllerId":2,"EntityId":92,"AdditionalProps":{"ZonePosition":1,"ZoneUpdates":[{"CardId":"BG21_HERO_000","EntityId":92,"ControllerId":2,"Zone":3,"NewPosition":1}]}}},&#xD;
{"Type":"CARD_REMOVED_FROM_HAND","Value":{"CardId":"TB_BaconShop_HERO_43","ControllerId":2,"EntityId":91,"AdditionalProps":{"RemovedByCardId":null,"RemovedByEntityId":10}}},&#xD;
{"Type":"RECEIVE_CARD_IN_HAND","Value":{"CardId":"TB_BaconShop_HERO_43","ControllerId":2,"EntityId":91,"AdditionalProps":{"CreatorCardId":null,"CreatorEntityId":10,"CreatedIndex":11,"LastInfluencedByCardId":null,"IsPremium":false,"Position":0,"GuessedTags":null,"Tags":[{"Name":50,"Value":2},{"Name":202,"Value":3},{"Name":45,"Value":30},{"Name":49,"Value":6},{"Name":53,"Value":91},{"Name":199,"Value":12},{"Name":201,"Value":3},{"Name":203,"Value":2},{"Name":263,"Value":0},{"Name":273,"Value":1},{"Name":292,"Value":18},{"Name":313,"Value":4},{"Name":380,"Value":60218},{"Name":1491,"Value":1},{"Name":1556,"Value":1},{"Name":2130,"Value":77784},{"Name":2840,"Value":1},{"Name":3085,"Value":30},{"Name":3206,"Value":16},{"Name":3877,"Value":1},{"Name":2210,"Value":30},{"Name":2348,"Value":34},{"Name":1068,"Value":0},{"Name":18,"Value":4}]}}},&#xD;
{"Type":"ZONE_POSITION_CHANGED","Value":{"CardId":null,"ControllerId":2,"EntityId":91,"AdditionalProps":{"ZonePosition":4,"ZoneUpdates":[{"CardId":"TB_BaconShop_HERO_43","EntityId":91,"ControllerId":2,"Zone":3,"NewPosition":4}]}}},&#xD;
{"Type":"MULLIGAN_INPUT","Value":null},&#xD;
{"Type":"BATTLEGROUNDS_LEADERBOARD_PLACE","Value":{"CardId":"TB_BaconShop_HERO_67","PlayerId":6,"LeaderboardPlace":8}},&#xD;
{"Type":"ARMOR_CHANGED","Value":{"CardId":"TB_BaconShop_HERO_67","ControllerId":10,"EntityId":139,"AdditionalProps":{"PlayerId":6,"ArmorChange":1,"TotalArmor":15}}},&#xD;
{"Type":"ARMOR_CHANGED","Value":{"CardId":"BG27_HERO_801_SKIN_A","ControllerId":10,"EntityId":199,"AdditionalProps":{"PlayerId":4,"ArmorChange":18,"TotalArmor":18}}},&#xD;
{"Type":"EXCAVATE_TIER_CHANGED","Value":{"CardId":null,"ControllerId":1,"EntityId":2,"AdditionalProps":{"CurrentTier":0,"MaxTier":3}}},&#xD;
{"Type":"EXCAVATE_TIER_CHANGED","Value":{"CardId":null,"ControllerId":2,"EntityId":3,"AdditionalProps":{"CurrentTier":0,"MaxTier":3}}},&#xD;
{"Type":"SHUFFLE_DECK","Value":{"PlayerId":1}},&#xD;
{"Type":"SHUFFLE_DECK","Value":{"PlayerId":2}},&#xD;
{"Type":"GAME_SETTINGS","Value":{"BattlegroundsPrizes":false,"BattlegroundsSpells":true,"BattlegroundsQuests":false,"BattlegroundsBuddies":false,"BattlegroundsTrinkets":false,"BattlegroundsAnomalies":[-1],"BattlegroundsTimewarped":false}},&#xD;
{"Type":"HERO_REVEALED","Value":{"CardId":"HERO_08c","ControllerId":1,"EntityId":64,"AdditionalProps":{"Health":30}}},&#xD;
{"Type":"HERO_POWER_CHANGED","Value":{"CardId":"HERO_08bp","ControllerId":1,"EntityId":65,"AdditionalProps":{"CreatorCardId":"HERO_08c"}}},&#xD;
{"Type":"HERO_REVEALED","Value":{"CardId":"HERO_04bh","ControllerId":2,"EntityId":66,"AdditionalProps":{"Health":30}}},&#xD;
{"Type":"HERO_POWER_CHANGED","Value":{"CardId":"HERO_04fbp","ControllerId":2,"EntityId":67,"AdditionalProps":{"CreatorCardId":"HERO_04bh"}}},&#xD;
{"Type":"GAME_RUNNING","Value":{"AdditionalProps":{"PlayerDeckCount":30,"OpponentDeckCount":30}}},&#xD;
{"Type":"TOTAL_ATTACK_ON_BOARD","Value":{"CardId":null,"ControllerId":-1,"EntityId":-1,"AdditionalProps":{"AttackOnBoard":{"Player":{"Board":0,"Hero":0},"Opponent":{"Board":0,"Hero":0}}}}},&#xD;
{"Type":"FIRST_PLAYER","Value":{"EntityId":3}},&#xD;
{"Type":"TURN_START","Value":{"Turn":1,"ActivePlayerId":2,"Timestamp":1767122811033}},&#xD;
{"Type":"CARD_DRAW_FROM_DECK","Value":{"CardId":null,"ControllerId":1,"EntityId":4,"AdditionalProps":{"IsPremium":false,"CreatorCardId":null,"CreatorEntityId":null,"CreatedIndex":0,"LastInfluencedByCardId":null,"DataTag1":0,"Cost":null,"DrawnByCardId":null,"DrawnByEntityId":1,"Tags":[{"Name":49,"Value":2},{"Name":50,"Value":1},{"Name":53,"Value":4},{"Name":263,"Value":0}]}}},&#xD;
{"Type":"ZONE_POSITION_CHANGED","Value":{"CardId":null,"ControllerId":1,"EntityId":4,"AdditionalProps":{"ZonePosition":1,"ZoneUpdates":[{"CardId":"","EntityId":4,"ControllerId":1,"Zone":3,"NewPosition":1}]}}},&#xD;
{"Type":"ZONE_POSITION_CHANGED","Value":{"CardId":null,"ControllerId":1,"EntityId":4,"AdditionalProps":{"ZonePosition":1,"ZoneUpdates":[{"CardId":"","EntityId":4,"ControllerId":1,"Zone":3,"NewPosition":1}]}}},&#xD;
{"Type":"CARD_DRAW_FROM_DECK","Value":{"CardId":null,"ControllerId":1,"EntityId":28,"AdditionalProps":{"IsPremium":false,"CreatorCardId":null,"CreatorEntityId":null,"CreatedIndex":1,"LastInfluencedByCardId":null,"DataTag1":0,"Cost":null,"DrawnByCardId":null,"DrawnByEntityId":1,"Tags":[{"Name":49,"Value":2},{"Name":50,"Value":1},{"Name":53,"Value":28},{"Name":263,"Value":0}]}}},&#xD;
{"Type":"ZONE_POSITION_CHANGED","Value":{"CardId":null,"ControllerId":1,"EntityId":28,"AdditionalProps":{"ZonePosition":2,"ZoneUpdates":[{"CardId":"","EntityId":28,"ControllerId":1,"Zone":3,"NewPosition":2}]}}},&#xD;
{"Type":"ZONE_POSITION_CHANGED","Value":{"CardId":null,"ControllerId":1,"EntityId":28,"AdditionalProps":{"ZonePosition":2,"ZoneUpdates":[{"CardId":"","EntityId":28,"ControllerId":1,"Zone":3,"NewPosition":2}]}}},&#xD;
{"Type":"CARD_DRAW_FROM_DECK","Value":{"CardId":null,"ControllerId":1,"EntityId":24,"AdditionalProps":{"IsPremium":false,"CreatorCardId":null,"CreatorEntityId":null,"CreatedIndex":2,"LastInfluencedByCardId":null,"DataTag1":0,"Cost":null,"DrawnByCardId":null,"DrawnByEntityId":1,"Tags":[{"Name":50,"Value":1},{"Name":202,"Value":4},{"Name":466,"Value":3},{"Name":479,"Value":3},{"Name":48,"Value":3},{"Name":47,"Value":3},{"Name":45,"Value":4},{"Name":49,"Value":4},{"Name":53,"Value":24},{"Name":199,"Value":4},{"Name":203,"Value":1},{"Name":261,"Value":0},{"Name":263,"Value":0},{"Name":273,"Value":4},{"Name":362,"Value":1},{"Name":478,"Value":1},{"Name":1043,"Value":1},{"Name":1068,"Value":0},{"Name":1556,"Value":1},{"Name":2840,"Value":1},{"Name":3085,"Value":4},{"Name":3557,"Value":3},{"Name":4472,"Value":3},{"Name":1196,"Value":0},{"Name":43,"Value":0},{"Name":271,"Value":1},{"Name":2187,"Value":0},{"Name":318,"Value":0},{"Name":1173,"Value":0},{"Name":18,"Value":60},{"Name":44,"Value":0},{"Name":1715,"Value":60},{"Name":36,"Value":0}]}}},&#xD;
{"Type":"ZONE_POSITION_CHANGED","Value":{"CardId":null,"ControllerId":1,"EntityId":24,"AdditionalProps":{"ZonePosition":3,"ZoneUpdates":[{"CardId":"","EntityId":24,"ControllerId":1,"Zone":3,"NewPosition":3}]}}},&#xD;
{"Type":"ZONE_POSITION_CHANGED","Value":{"CardId":null,"ControllerId":1,"EntityId":24,"AdditionalProps":{"ZonePosition":3,"ZoneUpdates":[{"CardId":"","EntityId":24,"ControllerId":1,"Zone":3,"NewPosition":3}]}}},&#xD;
{"Type":"CARD_DRAW_FROM_DECK","Value":{"CardId":null,"ControllerId":1,"EntityId":30,"AdditionalProps":{"IsPremium":false,"CreatorCardId":null,"CreatorEntityId":null,"CreatedIndex":3,"LastInfluencedByCardId":null,"DataTag1":0,"Cost":null,"DrawnByCardId":null,"DrawnByEntityId":1,"Tags":[{"Name":49,"Value":3},{"Name":50,"Value":1},{"Name":53,"Value":30},{"Name":263,"Value":3}]}}},&#xD;
{"Type":"ZONE_POSITION_CHANGED","Value":{"CardId":null,"ControllerId":1,"EntityId":30,"AdditionalProps":{"ZonePosition":4,"ZoneUpdates":[{"CardId":"","EntityId":30,"ControllerId":1,"Zone":3,"NewPosition":4}]}}},&#xD;
{"Type":"ZONE_POSITION_CHANGED","Value":{"CardId":null,"ControllerId":1,"EntityId":30,"AdditionalProps":{"ZonePosition":4,"ZoneUpdates":[{"CardId":"","EntityId":30,"ControllerId":1,"Zone":3,"NewPosition":4}]}}},&#xD;
{"Type":"RECEIVE_CARD_IN_HAND","Value":{"CardId":null,"ControllerId":1,"EntityId":68,"AdditionalProps":{"CreatorCardId":null,"CreatorEntityId":1,"CreatedIndex":7,"IsPremium":false,"BuffingEntityCardId":null,"BuffCardId":null,"AdditionalPlayInfo":null,"DataNum1":-1,"DataNum2":-1,"Position":5,"ReferencedCardIds":[],"GuessedTags":[{"Name":49,"Value":3},{"Name":50,"Value":1},{"Name":53,"Value":68},{"Name":263,"Value":5}]}}},&#xD;
{"Type":"CARD_DRAW_FROM_DECK","Value":{"CardId":"TOY_811","ControllerId":2,"EntityId":59,"AdditionalProps":{"IsPremium":false,"CreatorCardId":null,"CreatorEntityId":null,"CreatedIndex":4,"LastInfluencedByCardId":null,"DataTag1":0,"Cost":4,"DrawnByCardId":null,"DrawnByEntityId":1,"Tags":[{"Name":50,"Value":2},{"Name":202,"Value":4},{"Name":466,"Value":4},{"Name":479,"Value":3},{"Name":48,"Value":4},{"Name":47,"Value":3},{"Name":45,"Value":2},{"Name":49,"Value":2},{"Name":53,"Value":59},{"Name":194,"Value":1},{"Name":199,"Value":5},{"Name":200,"Value":20},{"Name":203,"Value":1},{"Name":478,"Value":2},{"Name":685,"Value":1},{"Name":791,"Value":1},{"Name":1043,"Value":0},{"Name":1068,"Value":0},{"Name":1452,"Value":103637},{"Name":1556,"Value":1},{"Name":2840,"Value":1},{"Name":3085,"Value":2},{"Name":3318,"Value":1},{"Name":4472,"Value":3},{"Name":273,"Value":1},{"Name":263,"Value":0},{"Name":1037,"Value":2}]}}},&#xD;
{"Type":"ENTITY_UPDATE","Value":{"CardId":"TOY_811","ControllerId":2,"EntityId":59,"AdditionalProps":{"MercenariesExperience":-1,"MercenariesEquipmentId":-1,"AbilityOwnerEntityId":-1,"AbilityCooldownConfig":null,"AbilityCurrentCooldown":null,"AbilitySpeed":4,"ZonePosition":-1,"Zone":3,"Revealed":false,"DataNum1":-1,"DataNum2":-1}}},&#xD;
{"Type":"ZONE_POSITION_CHANGED","Value":{"CardId":null,"ControllerId":2,"EntityId":59,"AdditionalProps":{"ZonePosition":1,"ZoneUpdates":[{"CardId":"TOY_811","EntityId":59,"ControllerId":2,"Zone":3,"NewPosition":1}]}}},&#xD;
{"Type":"ZONE_POSITION_CHANGED","Value":{"CardId":null,"ControllerId":2,"EntityId":59,"AdditionalProps":{"ZonePosition":1,"ZoneUpdates":[{"CardId":"TOY_811","EntityId":59,"ControllerId":2,"Zone":3,"NewPosition":1}]}}},&#xD;
{"Type":"ENTITY_UPDATE","Value":{"CardId":"EDR_253","ControllerId":2,"EntityId":46,"AdditionalProps":{"MercenariesExperience":-1,"MercenariesEquipmentId":-1,"AbilityOwnerEntityId":-1,"AbilityCooldownConfig":null,"AbilityCurrentCooldown":null,"AbilitySpeed":4,"ZonePosition":-1,"Zone":3,"Revealed":false,"DataNum1":-1,"DataNum2":-1}}},&#xD;
{"Type":"CARD_DRAW_FROM_DECK","Value":{"CardId":"EDR_253","ControllerId":2,"EntityId":46,"AdditionalProps":{"IsPremium":false,"CreatorCardId":null,"CreatorEntityId":null,"CreatedIndex":5,"LastInfluencedByCardId":null,"DataTag1":0,"Cost":4,"DrawnByCardId":null,"DrawnByEntityId":1,"Tags":[{"Name":50,"Value":2},{"Name":202,"Value":7},{"Name":466,"Value":4},{"Name":479,"Value":4},{"Name":48,"Value":4},{"Name":47,"Value":4},{"Name":45,"Value":2},{"Name":32,"Value":1},{"Name":49,"Value":2},{"Name":53,"Value":46},{"Name":199,"Value":5},{"Name":203,"Value":3},{"Name":478,"Value":2},{"Name":1043,"Value":0},{"Name":1068,"Value":0},{"Name":1556,"Value":1},{"Name":3085,"Value":2},{"Name":4472,"Value":4},{"Name":273,"Value":1},{"Name":263,"Value":0},{"Name":1037,"Value":2}]}}},&#xD;
{"Type":"ZONE_POSITION_CHANGED","Value":{"CardId":null,"ControllerId":2,"EntityId":46,"AdditionalProps":{"ZonePosition":2,"ZoneUpdates":[{"CardId":"EDR_253","EntityId":46,"ControllerId":2,"Zone":3,"NewPosition":2}]}}},&#xD;
{"Type":"ZONE_POSITION_CHANGED","Value":{"CardId":null,"ControllerId":2,"EntityId":46,"AdditionalProps":{"ZonePosition":2,"ZoneUpdates":[{"CardId":"EDR_253","EntityId":46,"ControllerId":2,"Zone":3,"NewPosition":2}]}}},&#xD;
{"Type":"ENTITY_UPDATE","Value":{"CardId":"TLC_240","ControllerId":2,"EntityId":38,"AdditionalProps":{"MercenariesExperience":-1,"MercenariesEquipmentId":-1,"AbilityOwnerEntityId":-1,"AbilityCooldownConfig":null,"AbilityCurrentCooldown":null,"AbilitySpeed":6,"ZonePosition":-1,"Zone":3,"Revealed":false,"DataNum1":-1,"DataNum2":-1}}},&#xD;
{"Type":"CARD_DRAW_FROM_DECK","Value":{"CardId":"TLC_240","ControllerId":2,"EntityId":38,"AdditionalProps":{"IsPremium":true,"CreatorCardId":null,"CreatorEntityId":null,"CreatedIndex":6,"LastInfluencedByCardId":null,"DataTag1":0,"Cost":6,"DrawnByCardId":null,"DrawnByEntityId":1,"Tags":[{"Name":50,"Value":2},{"Name":202,"Value":4},{"Name":466,"Value":6},{"Name":479,"Value":6},{"Name":48,"Value":6},{"Name":47,"Value":6},{"Name":45,"Value":3},{"Name":12,"Value":1},{"Name":49,"Value":2},{"Name":53,"Value":38},{"Name":199,"Value":5},{"Name":200,"Value":20},{"Name":203,"Value":3},{"Name":217,"Value":1},{"Name":478,"Value":2},{"Name":791,"Value":1},{"Name":1043,"Value":0},{"Name":1068,"Value":0},{"Name":1452,"Value":120586},{"Name":1556,"Value":1},{"Name":2536,"Value":1},{"Name":2840,"Value":1},{"Name":3085,"Value":3},{"Name":4472,"Value":6},{"Name":273,"Value":1},{"Name":263,"Value":0},{"Name":1037,"Value":2}]}}},&#xD;
{"Type":"ZONE_POSITION_CHANGED","Value":{"CardId":null,"ControllerId":2,"EntityId":38,"AdditionalProps":{"ZonePosition":3,"ZoneUpdates":[{"CardId":"TLC_240","EntityId":38,"ControllerId":2,"Zone":3,"NewPosition":3}]}}},&#xD;
{"Type":"ZONE_POSITION_CHANGED","Value":{"CardId":null,"ControllerId":2,"EntityId":38,"AdditionalProps":{"ZonePosition":3,"ZoneUpdates":[{"CardId":"TLC_240","EntityId":38,"ControllerId":2,"Zone":3,"NewPosition":3}]}}},&#xD;
{"Type":"TURN_DURATION_UPDATED","Value":{"CardId":null,"ControllerId":1,"EntityId":2,"AdditionalProps":{"NewDuration":45}}},&#xD;
{"Type":"TURN_DURATION_UPDATED","Value":{"CardId":null,"ControllerId":2,"EntityId":3,"AdditionalProps":{"NewDuration":45}}},&#xD;
{"Type":"TOTAL_ATTACK_ON_BOARD","Value":{"CardId":null,"ControllerId":-1,"EntityId":-1,"AdditionalProps":{"AttackOnBoard":{"Player":{"Board":0,"Hero":0},"Opponent":{"Board":0,"Hero":0}}}}},&#xD;
{"Type":"MULLIGAN_INPUT","Value":null},&#xD;
{"Type":"MULLIGAN_INPUT","Value":null},&#xD;
{"Type":"MULLIGAN_DEALING","Value":null},&#xD;
{"Type":"TOTAL_ATTACK_ON_BOARD","Value":{"CardId":null,"ControllerId":-1,"EntityId":-1,"AdditionalProps":{"AttackOnBoard":{"Player":{"Board":0,"Hero":0},"Opponent":{"Board":0,"Hero":0}}}}},&#xD;
{"Type":"ENTITY_UPDATE","Value":{"CardId":"TLC_468","ControllerId":2,"EntityId":41,"AdditionalProps":{"MercenariesExperience":-1,"MercenariesEquipmentId":-1,"AbilityOwnerEntityId":-1,"AbilityCooldownConfig":null,"AbilityCurrentCooldown":null,"AbilitySpeed":4,"ZonePosition":-1,"Zone":3,"Revealed":false,"DataNum1":-1,"DataNum2":-1}}},&#xD;
{"Type":"CARD_DRAW_FROM_DECK","Value":{"CardId":"TLC_468","ControllerId":2,"EntityId":41,"AdditionalProps":{"IsPremium":true,"CreatorCardId":null,"CreatorEntityId":null,"CreatedIndex":0,"LastInfluencedByCardId":null,"DataTag1":0,"Cost":4,"DrawnByCardId":null,"DrawnByEntityId":3,"Tags":[{"Name":50,"Value":2},{"Name":202,"Value":4},{"Name":466,"Value":4},{"Name":479,"Value":2},{"Name":48,"Value":4},{"Name":47,"Value":2},{"Name":45,"Value":4},{"Name":12,"Value":1},{"Name":49,"Value":3},{"Name":53,"Value":41},{"Name":190,"Value":1},{"Name":199,"Value":12},{"Name":200,"Value":18},{"Name":201,"Value":3},{"Name":203,"Value":1},{"Name":217,"Value":1},{"Name":363,"Value":1},{"Name":478,"Value":2},{"Name":1037,"Value":2},{"Name":1043,"Value":1},{"Name":1068,"Value":0},{"Name":1556,"Value":1},{"Name":2840,"Value":1},{"Name":3085,"Value":4},{"Name":4472,"Value":2},{"Name":273,"Value":5},{"Name":263,"Value":1}]}}},&#xD;
{"Type":"ZONE_POSITION_CHANGED","Value":{"CardId":null,"ControllerId":2,"EntityId":41,"AdditionalProps":{"ZonePosition":1,"ZoneUpdates":[{"CardId":"TLC_468","EntityId":41,"ControllerId":2,"Zone":3,"NewPosition":1}]}}},&#xD;
{"Type":"CARD_BACK_TO_DECK","Value":{"CardId":"TOY_811","ControllerId":2,"EntityId":59,"AdditionalProps":{"InitialZone":"HAND","InfluencedByEntityId":3,"InfluencedByCardId":null,"CreatorCardId":null,"CreatorEntityId":null}}},&#xD;
{"Type":"CARD_DRAW_FROM_DECK","Value":{"CardId":"TLC_468","ControllerId":2,"EntityId":49,"AdditionalProps":{"IsPremium":true,"CreatorCardId":null,"CreatorEntityId":null,"CreatedIndex":1,"LastInfluencedByCardId":null,"DataTag1":0,"Cost":4,"DrawnByCardId":null,"DrawnByEntityId":3,"Tags":[{"Name":50,"Value":2},{"Name":202,"Value":4},{"Name":466,"Value":4},{"Name":479,"Value":2},{"Name":48,"Value":4},{"Name":47,"Value":2},{"Name":45,"Value":4},{"Name":12,"Value":1},{"Name":49,"Value":3},{"Name":53,"Value":49},{"Name":190,"Value":1},{"Name":199,"Value":12},{"Name":200,"Value":18},{"Name":201,"Value":3},{"Name":203,"Value":1},{"Name":217,"Value":1},{"Name":363,"Value":1},{"Name":478,"Value":2},{"Name":1037,"Value":2},{"Name":1043,"Value":1},{"Name":1068,"Value":0},{"Name":1556,"Value":1},{"Name":2840,"Value":1},{"Name":3085,"Value":4},{"Name":4472,"Value":2},{"Name":273,"Value":5},{"Name":263,"Value":2}]}}},&#xD;
{"Type":"ENTITY_UPDATE","Value":{"CardId":"TLC_468","ControllerId":2,"EntityId":49,"AdditionalProps":{"MercenariesExperience":-1,"MercenariesEquipmentId":-1,"AbilityOwnerEntityId":-1,"AbilityCooldownConfig":null,"AbilityCurrentCooldown":null,"AbilitySpeed":4,"ZonePosition":-1,"Zone":3,"Revealed":false,"DataNum1":-1,"DataNum2":-1}}},&#xD;
{"Type":"ZONE_POSITION_CHANGED","Value":{"CardId":null,"ControllerId":2,"EntityId":49,"AdditionalProps":{"ZonePosition":2,"ZoneUpdates":[{"CardId":"TLC_468","EntityId":49,"ControllerId":2,"Zone":3,"NewPosition":2}]}}},&#xD;
{"Type":"CARD_BACK_TO_DECK","Value":{"CardId":"EDR_253","ControllerId":2,"EntityId":46,"AdditionalProps":{"InitialZone":"HAND","InfluencedByEntityId":3,"InfluencedByCardId":null,"CreatorCardId":null,"CreatorEntityId":null}}},&#xD;
{"Type":"ENTITY_UPDATE","Value":{"CardId":"TOY_811","ControllerId":2,"EntityId":36,"AdditionalProps":{"MercenariesExperience":-1,"MercenariesEquipmentId":-1,"AbilityOwnerEntityId":-1,"AbilityCooldownConfig":null,"AbilityCurrentCooldown":null,"AbilitySpeed":4,"ZonePosition":-1,"Zone":3,"Revealed":false,"DataNum1":-1,"DataNum2":-1}}},&#xD;
{"Type":"CARD_DRAW_FROM_DECK","Value":{"CardId":"TOY_811","ControllerId":2,"EntityId":36,"AdditionalProps":{"IsPremium":false,"CreatorCardId":null,"CreatorEntityId":null,"CreatedIndex":2,"LastInfluencedByCardId":null,"DataTag1":0,"Cost":4,"DrawnByCardId":null,"DrawnByEntityId":3,"Tags":[{"Name":50,"Value":2},{"Name":202,"Value":4},{"Name":466,"Value":4},{"Name":479,"Value":3},{"Name":48,"Value":4},{"Name":47,"Value":3},{"Name":45,"Value":2},{"Name":49,"Value":3},{"Name":53,"Value":36},{"Name":194,"Value":1},{"Name":199,"Value":5},{"Name":200,"Value":20},{"Name":203,"Value":1},{"Name":478,"Value":2},{"Name":685,"Value":1},{"Name":791,"Value":1},{"Name":1037,"Value":2},{"Name":1043,"Value":1},{"Name":1068,"Value":0},{"Name":1452,"Value":103637},{"Name":1556,"Value":1},{"Name":2840,"Value":1},{"Name":3085,"Value":2},{"Name":3318,"Value":1},{"Name":4472,"Value":3},{"Name":273,"Value":5},{"Name":263,"Value":3}]}}},&#xD;
{"Type":"ZONE_POSITION_CHANGED","Value":{"CardId":null,"ControllerId":2,"EntityId":36,"AdditionalProps":{"ZonePosition":3,"ZoneUpdates":[{"CardId":"TOY_811","EntityId":36,"ControllerId":2,"Zone":3,"NewPosition":3}]}}},&#xD;
{"Type":"CARD_BACK_TO_DECK","Value":{"CardId":"TLC_240","ControllerId":2,"EntityId":38,"AdditionalProps":{"InitialZone":"HAND","InfluencedByEntityId":3,"InfluencedByCardId":null,"CreatorCardId":null,"CreatorEntityId":null}}},&#xD;
{"Type":"TOTAL_ATTACK_ON_BOARD","Value":{"CardId":null,"ControllerId":-1,"EntityId":-1,"AdditionalProps":{"AttackOnBoard":{"Player":{"Board":0,"Hero":0},"Opponent":{"Board":0,"Hero":0}}}}},&#xD;
{"Type":"MULLIGAN_DONE","Value":null},&#xD;
No match, D 20:28:32.5026778 ChoiceCardMgr.DoesLocalChoiceMatchPacket(): Null list passed in! localChoices=, packetChoices=System.Collections.Generic.List`1[System.Int32].&#xD;
{"Type":"ENTITY_CHOSEN","Value":{"CardId":"BG23_HERO_304","ControllerId":2,"EntityId":90,"AdditionalProps":{"OriginalEntityId":null,"Context":{"CreatorEntityId":4,"CreatorCardId":null}}}},&#xD;
{"Type":"MULLIGAN_DEALING","Value":null},&#xD;
{"Type":"ZONE_POSITION_CHANGED","Value":{"CardId":null,"ControllerId":2,"EntityId":91,"AdditionalProps":{"ZonePosition":3,"ZoneUpdates":[{"CardId":"TB_BaconShop_HERO_43","EntityId":91,"ControllerId":2,"Zone":3,"NewPosition":3}]}}},&#xD;
{"Type":"ZONE_POSITION_CHANGED","Value":{"CardId":null,"ControllerId":2,"EntityId":89,"AdditionalProps":{"ZonePosition":2,"ZoneUpdates":[{"CardId":"TB_BaconShop_HERO_62","EntityId":89,"ControllerId":2,"Zone":3,"NewPosition":2}]}}},&#xD;
{"Type":"ZONE_POSITION_CHANGED","Value":{"CardId":null,"ControllerId":2,"EntityId":90,"AdditionalProps":{"ZonePosition":1,"ZoneUpdates":[{"CardId":"BG23_HERO_304","EntityId":90,"ControllerId":2,"Zone":3,"NewPosition":1}]}}},&#xD;
{"Type":"CARD_REMOVED_FROM_HAND","Value":{"CardId":"BG21_HERO_000","ControllerId":2,"EntityId":92,"AdditionalProps":{"RemovedByCardId":null,"RemovedByEntityId":11}}},&#xD;
{"Type":"ZONE_POSITION_CHANGED","Value":{"CardId":null,"ControllerId":2,"EntityId":91,"AdditionalProps":{"ZonePosition":2,"ZoneUpdates":[{"CardId":"TB_BaconShop_HERO_43","EntityId":91,"ControllerId":2,"Zone":3,"NewPosition":2}]}}},&#xD;
{"Type":"CARD_REMOVED_FROM_HAND","Value":{"CardId":"TB_BaconShop_HERO_62","ControllerId":2,"EntityId":89,"AdditionalProps":{"RemovedByCardId":null,"RemovedByEntityId":11}}},&#xD;
{"Type":"CARD_REMOVED_FROM_HAND","Value":{"CardId":"TB_BaconShop_HERO_43","ControllerId":2,"EntityId":91,"AdditionalProps":{"RemovedByCardId":null,"RemovedByEntityId":11}}},&#xD;
{"Type":"HERO_CHANGED","Value":{"CardId":"BG23_HERO_304","ControllerId":2,"EntityId":90,"AdditionalProps":null}},&#xD;
{"Type":"BATTLEGROUNDS_LEADERBOARD_PLACE","Value":{"CardId":"BG23_HERO_304","PlayerId":2,"LeaderboardPlace":1}},&#xD;
{"Type":"HERO_POWER_CHANGED","Value":{"CardId":"BG23_HERO_304p","ControllerId":2,"EntityId":210,"AdditionalProps":{"CreatorCardId":null}}},&#xD;
{"Type":"MULLIGAN_DONE","Value":null},&#xD;
{"Type":"MAIN_STEP_READY","Value":{"Timestamp":1767179228366}},&#xD;
{"Type":"MAIN_STEP_READY","Value":{"Timestamp":1767179237138}},&#xD;
{"Type":"BATTLEGROUNDS_LEADERBOARD_PLACE","Value":{"CardId":"BG23_HERO_304","PlayerId":2,"LeaderboardPlace":2}},&#xD;
{"Type":"BATTLEGROUNDS_LEADERBOARD_PLACE","Value":{"CardId":"TB_BaconShop_HERO_38","PlayerId":3,"LeaderboardPlace":3}},&#xD;
{"Type":"BATTLEGROUNDS_LEADERBOARD_PLACE","Value":{"CardId":"TB_BaconShop_HERO_67","PlayerId":6,"LeaderboardPlace":4}},&#xD;
{"Type":"BATTLEGROUNDS_LEADERBOARD_PLACE","Value":{"CardId":"TB_BaconShop_HERO_76","PlayerId":5,"LeaderboardPlace":5}},&#xD;
{"Type":"BATTLEGROUNDS_LEADERBOARD_PLACE","Value":{"CardId":"TB_BaconShop_HERO_12","PlayerId":1,"LeaderboardPlace":6}},&#xD;
{"Type":"BATTLEGROUNDS_LEADERBOARD_PLACE","Value":{"CardId":"BG21_HERO_010","PlayerId":7,"LeaderboardPlace":7}},&#xD;
{"Type":"BATTLEGROUNDS_LEADERBOARD_PLACE","Value":{"CardId":"TB_BaconShop_HERO_74","PlayerId":8,"LeaderboardPlace":8}},&#xD;
{"Type":"CARD_PLAYED_BY_EFFECT","Value":{"CardId":"TB_BaconShop_UpdateDmgCap","ControllerId":2,"EntityId":249,"AdditionalProps":{"TargetEntityId":0,"TargetCardId":null,"CreatorCardId":"TB_BaconShop_8P_PlayerE","CreatorEntityId":47,"Tags":[{"Name":50,"Value":2},{"Name":202,"Value":5},{"Name":49,"Value":6},{"Name":53,"Value":249},{"Name":199,"Value":12},{"Name":313,"Value":47},{"Name":1037,"Value":2},{"Name":1200,"Value":1},{"Name":1284,"Value":57980},{"Name":1458,"Value":1},{"Name":1556,"Value":1},{"Name":1715,"Value":47},{"Name":1068,"Value":0}]}}},&#xD;
{"Type":"RECEIVE_CARD_IN_HAND","Value":{"CardId":"BG27_004t","ControllerId":2,"EntityId":250,"AdditionalProps":{"CreatorCardId":"BG23_HERO_304p","CreatorEntityId":210,"CreatedIndex":0,"IsPremium":false,"BuffingEntityCardId":null,"BuffCardId":null,"AdditionalPlayInfo":null,"DataNum1":-1,"DataNum2":-1,"Position":1,"ReferencedCardIds":[],"GuessedTags":[{"Name":50,"Value":2},{"Name":202,"Value":5},{"Name":49,"Value":3},{"Name":53,"Value":250},{"Name":199,"Value":12},{"Name":263,"Value":1},{"Name":273,"Value":1},{"Name":313,"Value":210},{"Name":1037,"Value":2},{"Name":1284,"Value":85126},{"Name":1556,"Value":1},{"Name":1635,"Value":10},{"Name":2423,"Value":1}]}}},&#xD;
{"Type":"RECEIVE_CARD_IN_HAND","Value":{"CardId":"BG_EX1_014t","ControllerId":2,"EntityId":252,"AdditionalProps":{"CreatorCardId":"TB_BaconShop_HP_038e","CreatorEntityId":225,"CreatedIndex":0,"IsPremium":false,"BuffingEntityCardId":null,"BuffCardId":null,"AdditionalPlayInfo":null,"DataNum1":-1,"DataNum2":-1,"Position":2,"ReferencedCardIds":[],"GuessedTags":[{"Name":50,"Value":2},{"Name":202,"Value":5},{"Name":466,"Value":1},{"Name":48,"Value":1},{"Name":49,"Value":3},{"Name":53,"Value":252},{"Name":199,"Value":12},{"Name":263,"Value":2},{"Name":273,"Value":1},{"Name":313,"Value":225},{"Name":1037,"Value":2},{"Name":1284,"Value":61529},{"Name":1556,"Value":1}]}}},&#xD;
{"Type":"BATTLEGROUNDS_LEADERBOARD_PLACE","Value":{"CardId":"TB_BaconShop_HERO_38","PlayerId":3,"LeaderboardPlace":2}},&#xD;
{"Type":"BATTLEGROUNDS_LEADERBOARD_PLACE","Value":{"CardId":"BG23_HERO_304","PlayerId":2,"LeaderboardPlace":3}},&#xD;
{"Type":"BATTLEGROUNDS_LEADERBOARD_PLACE","Value":{"CardId":"BG21_HERO_010","PlayerId":7,"LeaderboardPlace":6}},&#xD;
{"Type":"BATTLEGROUNDS_LEADERBOARD_PLACE","Value":{"CardId":"TB_BaconShop_HERO_12","PlayerId":1,"LeaderboardPlace":7}},&#xD;
{"Type":"BATTLEGROUNDS_LEADERBOARD_PLACE","Value":{"CardId":"BG23_HERO_304","PlayerId":2,"LeaderboardPlace":2}},&#xD;
{"Type":"BATTLEGROUNDS_LEADERBOARD_PLACE","Value":{"CardId":"TB_BaconShop_HERO_38","PlayerId":3,"LeaderboardPlace":3}},&#xD;
{"Type":"BATTLEGROUNDS_LEADERBOARD_PLACE","Value":{"CardId":"TB_BaconShop_HERO_76","PlayerId":5,"LeaderboardPlace":4}},&#xD;
{"Type":"BATTLEGROUNDS_LEADERBOARD_PLACE","Value":{"CardId":"TB_BaconShop_HERO_67","PlayerId":6,"LeaderboardPlace":5}},&#xD;
{"Type":"BATTLEGROUNDS_LEADERBOARD_PLACE","Value":{"CardId":"TB_BaconShop_HERO_12","PlayerId":1,"LeaderboardPlace":6}},&#xD;
{"Type":"BATTLEGROUNDS_LEADERBOARD_PLACE","Value":{"CardId":"BG21_HERO_010","PlayerId":7,"LeaderboardPlace":7}},&#xD;
{"Type":"BATTLEGROUNDS_LEADERBOARD_PLACE","Value":{"CardId":"TB_BaconShop_HERO_38","PlayerId":3,"LeaderboardPlace":2}},&#xD;
{"Type":"BATTLEGROUNDS_LEADERBOARD_PLACE","Value":{"CardId":"BG23_HERO_304","PlayerId":2,"LeaderboardPlace":3}},&#xD;
{"Type":"BATTLEGROUNDS_LEADERBOARD_PLACE","Value":{"CardId":"BG21_HERO_010","PlayerId":7,"LeaderboardPlace":6}},&#xD;
{"Type":"BATTLEGROUNDS_LEADERBOARD_PLACE","Value":{"CardId":"TB_BaconShop_HERO_12","PlayerId":1,"LeaderboardPlace":7}},&#xD;
{"Type":"BATTLEGROUNDS_LEADERBOARD_PLACE","Value":{"CardId":"BG23_HERO_304","PlayerId":2,"LeaderboardPlace":2}},&#xD;
{"Type":"BATTLEGROUNDS_LEADERBOARD_PLACE","Value":{"CardId":"TB_BaconShop_HERO_38","PlayerId":3,"LeaderboardPlace":3}},&#xD;
{"Type":"BATTLEGROUNDS_LEADERBOARD_PLACE","Value":{"CardId":"TB_BaconShop_HERO_67","PlayerId":6,"LeaderboardPlace":4}},&#xD;
{"Type":"BATTLEGROUNDS_LEADERBOARD_PLACE","Value":{"CardId":"TB_BaconShop_HERO_76","PlayerId":5,"LeaderboardPlace":5}},&#xD;
{"Type":"BATTLEGROUNDS_LEADERBOARD_PLACE","Value":{"CardId":"TB_BaconShop_HERO_38","PlayerId":3,"LeaderboardPlace":2}},&#xD;
{"Type":"BATTLEGROUNDS_LEADERBOARD_PLACE","Value":{"CardId":"BG23_HERO_304","PlayerId":2,"LeaderboardPlace":3}},&#xD;
{"Type":"BATTLEGROUNDS_LEADERBOARD_PLACE","Value":{"CardId":"TB_BaconShop_HERO_76","PlayerId":5,"LeaderboardPlace":4}},&#xD;
{"Type":"BATTLEGROUNDS_LEADERBOARD_PLACE","Value":{"CardId":"TB_BaconShop_HERO_67","PlayerId":6,"LeaderboardPlace":5}},&#xD;
{"Type":"BATTLEGROUNDS_LEADERBOARD_PLACE","Value":{"CardId":"TB_BaconShop_HERO_12","PlayerId":1,"LeaderboardPlace":6}},&#xD;
{"Type":"BATTLEGROUNDS_LEADERBOARD_PLACE","Value":{"CardId":"BG21_HERO_010","PlayerId":7,"LeaderboardPlace":7}},&#xD;
{"Type":"BATTLEGROUNDS_LEADERBOARD_PLACE","Value":{"CardId":"BG23_HERO_304","PlayerId":2,"LeaderboardPlace":2}},&#xD;
{"Type":"BATTLEGROUNDS_LEADERBOARD_PLACE","Value":{"CardId":"TB_BaconShop_HERO_38","PlayerId":3,"LeaderboardPlace":3}},&#xD;
{"Type":"BATTLEGROUNDS_LEADERBOARD_PLACE","Value":{"CardId":"TB_BaconShop_HERO_67","PlayerId":6,"LeaderboardPlace":4}},&#xD;
{"Type":"BATTLEGROUNDS_LEADERBOARD_PLACE","Value":{"CardId":"TB_BaconShop_HERO_76","PlayerId":5,"LeaderboardPlace":5}},&#xD;
{"Type":"BATTLEGROUNDS_LEADERBOARD_PLACE","Value":{"CardId":"BG21_HERO_010","PlayerId":7,"LeaderboardPlace":6}},&#xD;
{"Type":"BATTLEGROUNDS_LEADERBOARD_PLACE","Value":{"CardId":"TB_BaconShop_HERO_12","PlayerId":1,"LeaderboardPlace":7}},&#xD;
{"Type":"BATTLEGROUNDS_LEADERBOARD_PLACE","Value":{"CardId":"TB_BaconShop_HERO_38","PlayerId":3,"LeaderboardPlace":2}},&#xD;
{"Type":"BATTLEGROUNDS_LEADERBOARD_PLACE","Value":{"CardId":"BG23_HERO_304","PlayerId":2,"LeaderboardPlace":3}},&#xD;
{"Type":"BATTLEGROUNDS_LEADERBOARD_PLACE","Value":{"CardId":"TB_BaconShop_HERO_76","PlayerId":5,"LeaderboardPlace":4}},&#xD;
{"Type":"BATTLEGROUNDS_LEADERBOARD_PLACE","Value":{"CardId":"TB_BaconShop_HERO_67","PlayerId":6,"LeaderboardPlace":5}},&#xD;
{"Type":"BATTLEGROUNDS_LEADERBOARD_PLACE","Value":{"CardId":"TB_BaconShop_HERO_12","PlayerId":1,"LeaderboardPlace":6}},&#xD;
{"Type":"BATTLEGROUNDS_LEADERBOARD_PLACE","Value":{"CardId":"BG21_HERO_010","PlayerId":7,"LeaderboardPlace":7}},&#xD;
{"Type":"BATTLEGROUNDS_LEADERBOARD_PLACE","Value":{"CardId":"BG23_HERO_304","PlayerId":2,"LeaderboardPlace":2}},&#xD;
{"Type":"BATTLEGROUNDS_LEADERBOARD_PLACE","Value":{"CardId":"TB_BaconShop_HERO_38","PlayerId":3,"LeaderboardPlace":3}},&#xD;
{"Type":"BATTLEGROUNDS_LEADERBOARD_PLACE","Value":{"CardId":"TB_BaconShop_HERO_67","PlayerId":6,"LeaderboardPlace":4}},&#xD;
{"Type":"BATTLEGROUNDS_LEADERBOARD_PLACE","Value":{"CardId":"TB_BaconShop_HERO_76","PlayerId":5,"LeaderboardPlace":5}},&#xD;
{"Type":"BATTLEGROUNDS_LEADERBOARD_PLACE","Value":{"CardId":"BG21_HERO_010","PlayerId":7,"LeaderboardPlace":6}},&#xD;
{"Type":"BATTLEGROUNDS_LEADERBOARD_PLACE","Value":{"CardId":"TB_BaconShop_HERO_12","PlayerId":1,"LeaderboardPlace":7}},&#xD;
{"Type":"MAX_RESOURCES_UPDATED","Value":{"CardId":null,"ControllerId":4,"EntityId":11,"AdditionalProps":{"Mana":99}}},&#xD;
{"Type":"MAX_RESOURCES_UPDATED","Value":{"CardId":null,"ControllerId":4,"EntityId":11,"AdditionalProps":{"Coins":10}}},&#xD;
{"Type":"RESOURCES_UPDATED","Value":{"CardId":null,"ControllerId":4,"EntityId":11,"AdditionalProps":{"ResourcesTotal":3,"ResourcesUsed":0,"ResourcesLeft":3}}},&#xD;
{"Type":"MINION_SUMMONED","Value":{"CardId":"BG32_330","ControllerId":10,"EntityId":296,"AdditionalProps":{"CreatorCardId":"TB_BaconShop_8P_PlayerE","CreatorEntityId":47,"Tags":[{"Name":50,"Value":10},{"Name":202,"Value":4},{"Name":1196,"Value":1},{"Name":479,"Value":3},{"Name":47,"Value":3},{"Name":45,"Value":3},{"Name":32,"Value":1},{"Name":43,"Value":1},{"Name":49,"Value":1},{"Name":53,"Value":296},{"Name":200,"Value":14},{"Name":263,"Value":1},{"Name":313,"Value":47},{"Name":1037,"Value":2},{"Name":1254,"Value":47},{"Name":1284,"Value":57980},{"Name":-1,"Value":120678},{"Name":1440,"Value":1},{"Name":1456,"Value":1},{"Name":1458,"Value":1},{"Name":1500,"Value":1},{"Name":1531,"Value":1},{"Name":1556,"Value":1},{"Name":-1,"Value":1},{"Name":2840,"Value":1},{"Name":3085,"Value":3}]}}},&#xD;
{"Type":"MINION_SUMMONED","Value":{"CardId":"BG24_009","ControllerId":10,"EntityId":298,"AdditionalProps":{"CreatorCardId":"TB_BaconShop_8P_PlayerE","CreatorEntityId":47,"Tags":[{"Name":50,"Value":10},{"Name":202,"Value":4},{"Name":1196,"Value":1},{"Name":479,"Value":1},{"Name":47,"Value":1},{"Name":45,"Value":1},{"Name":43,"Value":1},{"Name":49,"Value":1},{"Name":53,"Value":298},{"Name":200,"Value":15},{"Name":218,"Value":1},{"Name":263,"Value":2},{"Name":313,"Value":47},{"Name":1037,"Value":2},{"Name":1254,"Value":47},{"Name":1284,"Value":57980},{"Name":-1,"Value":92427},{"Name":1440,"Value":1},{"Name":1456,"Value":1},{"Name":1458,"Value":1},{"Name":1556,"Value":1},{"Name":-1,"Value":1},{"Name":2840,"Value":1},{"Name":3085,"Value":1}]}}},&#xD;
{"Type":"MINION_SUMMONED","Value":{"CardId":"BG20_100","ControllerId":10,"EntityId":300,"AdditionalProps":{"CreatorCardId":"TB_BaconShop_8P_PlayerE","CreatorEntityId":47,"Tags":[{"Name":50,"Value":10},{"Name":202,"Value":4},{"Name":1196,"Value":1},{"Name":479,"Value":2},{"Name":47,"Value":2},{"Name":45,"Value":1},{"Name":43,"Value":1},{"Name":49,"Value":1},{"Name":53,"Value":300},{"Name":200,"Value":43},{"Name":218,"Value":1},{"Name":263,"Value":3},{"Name":313,"Value":47},{"Name":1037,"Value":2},{"Name":1254,"Value":47},{"Name":1284,"Value":57980},{"Name":-1,"Value":70150},{"Name":1440,"Value":1},{"Name":1456,"Value":1},{"Name":1458,"Value":1},{"Name":1556,"Value":1},{"Name":-1,"Value":1},{"Name":2840,"Value":1},{"Name":3085,"Value":1}]}}},&#xD;
{"Type":"MINION_SUMMONED","Value":{"CardId":"BG28_503","ControllerId":10,"EntityId":302,"AdditionalProps":{"CreatorCardId":"TB_BaconShop_8P_PlayerE","CreatorEntityId":47,"Tags":[{"Name":50,"Value":10},{"Name":202,"Value":42},{"Name":466,"Value":1},{"Name":48,"Value":1},{"Name":3,"Value":3},{"Name":49,"Value":1},{"Name":53,"Value":302},{"Name":263,"Value":4},{"Name":313,"Value":47},{"Name":1037,"Value":2},{"Name":1284,"Value":57980},{"Name":1440,"Value":1},{"Name":1458,"Value":1},{"Name":1556,"Value":1},{"Name":1635,"Value":9},{"Name":1724,"Value":1},{"Name":2840,"Value":1},{"Name":3081,"Value":1},{"Name":4254,"Value":1}]}}},&#xD;
{"Type":"CARD_PLAYED_BY_EFFECT","Value":{"CardId":"TB_BaconShop_CheckTriples","ControllerId":2,"EntityId":303,"AdditionalProps":{"TargetEntityId":0,"TargetCardId":null,"CreatorCardId":"TB_BaconShop_8P_PlayerE","CreatorEntityId":47,"Tags":[{"Name":50,"Value":2},{"Name":202,"Value":5},{"Name":49,"Value":6},{"Name":53,"Value":303},{"Name":199,"Value":12},{"Name":313,"Value":47},{"Name":1037,"Value":2},{"Name":1200,"Value":1},{"Name":1284,"Value":57980},{"Name":1556,"Value":1},{"Name":1715,"Value":47},{"Name":1068,"Value":0}]}}},&#xD;
{"Type":"DATA_SCRIPT_CHANGED","Value":{"CardId":"BG34_BlackMarket","ControllerId":2,"EntityId":291,"AdditionalProps":{"DataNum1":5,"DataNum2":1,"Updates":[{"CardId":"BG34_BlackMarket","EntityId":291,"ControllerId":2,"DataNum1":5,"DataNum2":1}]}}},&#xD;
{"Type":"BATTLEGROUNDS_LEADERBOARD_PLACE","Value":{"CardId":"TB_BaconShop_HERO_76","PlayerId":5,"LeaderboardPlace":4}},&#xD;
{"Type":"BATTLEGROUNDS_LEADERBOARD_PLACE","Value":{"CardId":"TB_BaconShop_HERO_67","PlayerId":6,"LeaderboardPlace":5}},&#xD;
{"Type":"BATTLEGROUNDS_LEADERBOARD_PLACE","Value":{"CardId":"TB_BaconShop_HERO_12","PlayerId":1,"LeaderboardPlace":6}},&#xD;
{"Type":"BATTLEGROUNDS_LEADERBOARD_PLACE","Value":{"CardId":"BG21_HERO_010","PlayerId":7,"LeaderboardPlace":7}},&#xD;
{"Type":"BATTLEGROUNDS_LEADERBOARD_PLACE","Value":{"CardId":"TB_BaconShop_HERO_38","PlayerId":3,"LeaderboardPlace":2}},&#xD;
{"Type":"BATTLEGROUNDS_LEADERBOARD_PLACE","Value":{"CardId":"BG23_HERO_304","PlayerId":2,"LeaderboardPlace":3}},&#xD;
{"Type":"BATTLEGROUNDS_LEADERBOARD_PLACE","Value":{"CardId":"BG21_HERO_010","PlayerId":7,"LeaderboardPlace":6}},&#xD;
{"Type":"BATTLEGROUNDS_LEADERBOARD_PLACE","Value":{"CardId":"TB_BaconShop_HERO_12","PlayerId":1,"LeaderboardPlace":7}},&#xD;
{"Type":"BATTLEGROUNDS_LEADERBOARD_PLACE","Value":{"CardId":"BG23_HERO_304","PlayerId":2,"LeaderboardPlace":2}},&#xD;
{"Type":"BATTLEGROUNDS_LEADERBOARD_PLACE","Value":{"CardId":"TB_BaconShop_HERO_38","PlayerId":3,"LeaderboardPlace":3}},&#xD;
{"Type":"BATTLEGROUNDS_LEADERBOARD_PLACE","Value":{"CardId":"TB_BaconShop_HERO_38","PlayerId":3,"LeaderboardPlace":2}},&#xD;
{"Type":"BATTLEGROUNDS_LEADERBOARD_PLACE","Value":{"CardId":"BG23_HERO_304","PlayerId":2,"LeaderboardPlace":3}},&#xD;
{"Type":"BATTLEGROUNDS_LEADERBOARD_PLACE","Value":{"CardId":"TB_BaconShop_HERO_12","PlayerId":1,"LeaderboardPlace":6}},&#xD;
{"Type":"BATTLEGROUNDS_LEADERBOARD_PLACE","Value":{"CardId":"BG21_HERO_010","PlayerId":7,"LeaderboardPlace":7}},&#xD;
{"Type":"BATTLEGROUNDS_LEADERBOARD_PLACE","Value":{"CardId":"BG23_HERO_304","PlayerId":2,"LeaderboardPlace":2}},&#xD;
{"Type":"BATTLEGROUNDS_LEADERBOARD_PLACE","Value":{"CardId":"TB_BaconShop_HERO_38","PlayerId":3,"LeaderboardPlace":3}},&#xD;
{"Type":"BATTLEGROUNDS_LEADERBOARD_PLACE","Value":{"CardId":"BG21_HERO_010","PlayerId":7,"LeaderboardPlace":6}},&#xD;
{"Type":"BATTLEGROUNDS_LEADERBOARD_PLACE","Value":{"CardId":"TB_BaconShop_HERO_12","PlayerId":1,"LeaderboardPlace":7}},&#xD;
{"Type":"BATTLEGROUNDS_LEADERBOARD_PLACE","Value":{"CardId":"TB_BaconShop_HERO_67","PlayerId":6,"LeaderboardPlace":4}},&#xD;
{"Type":"BATTLEGROUNDS_LEADERBOARD_PLACE","Value":{"CardId":"TB_BaconShop_HERO_76","PlayerId":5,"LeaderboardPlace":5}},&#xD;
{"Type":"BATTLEGROUNDS_LEADERBOARD_PLACE","Value":{"CardId":"TB_BaconShop_HERO_12","PlayerId":1,"LeaderboardPlace":6}},&#xD;
{"Type":"BATTLEGROUNDS_LEADERBOARD_PLACE","Value":{"CardId":"BG21_HERO_010","PlayerId":7,"LeaderboardPlace":7}},&#xD;
{"Type":"BATTLEGROUNDS_LEADERBOARD_PLACE","Value":{"CardId":"BG21_HERO_010","PlayerId":7,"LeaderboardPlace":6}},&#xD;
{"Type":"BATTLEGROUNDS_LEADERBOARD_PLACE","Value":{"CardId":"TB_BaconShop_HERO_12","PlayerId":1,"LeaderboardPlace":7}},&#xD;
{"Type":"ENCHANTMENT_DETACHED","Value":{"CardId":"TB_BaconShop_3ofKindChecke","ControllerId":2,"EntityId":48,"AdditionalProps":{"AttachedTo":5}}},&#xD;
{"Type":"ZONE_POSITION_CHANGED","Value":{"CardId":null,"ControllerId":2,"EntityId":252,"AdditionalProps":{"ZonePosition":1,"ZoneUpdates":[{"CardId":"BG_EX1_014t","EntityId":252,"ControllerId":2,"Zone":3,"NewPosition":1}]}}},&#xD;
{"Type":"DISCARD_CARD","Value":{"CardId":"BG27_004t","ControllerId":2,"EntityId":250,"AdditionalProps":null}},&#xD;
{"Type":"MAIN_STEP_READY","Value":{"Timestamp":1767179276321}},&#xD;
{"Type":"ZONE_POSITION_CHANGED","Value":{"CardId":null,"ControllerId":10,"EntityId":302,"AdditionalProps":{"ZonePosition":3,"ZoneUpdates":[{"CardId":"BG28_503","EntityId":302,"ControllerId":10,"Zone":1,"NewPosition":3}]}}},&#xD;
{"Type":"ZONE_POSITION_CHANGED","Value":{"CardId":null,"ControllerId":10,"EntityId":300,"AdditionalProps":{"ZonePosition":2,"ZoneUpdates":[{"CardId":"BG20_100","EntityId":300,"ControllerId":10,"Zone":1,"NewPosition":2}]}}},&#xD;
{"Type":"ZONE_POSITION_CHANGED","Value":{"CardId":null,"ControllerId":10,"EntityId":298,"AdditionalProps":{"ZonePosition":1,"ZoneUpdates":[{"CardId":"BG24_009","EntityId":298,"ControllerId":10,"Zone":1,"NewPosition":1}]}}},&#xD;
{"Type":"CARD_REMOVED_FROM_BOARD","Value":{"CardId":"BG32_330","ControllerId":10,"EntityId":296,"AdditionalProps":{"RemovedByCardId":"TB_BaconShop_8P_PlayerE","RemovedByEntityId":47}}},&#xD;
{"Type":"ZONE_POSITION_CHANGED","Value":{"CardId":null,"ControllerId":10,"EntityId":302,"AdditionalProps":{"ZonePosition":2,"ZoneUpdates":[{"CardId":"BG28_503","EntityId":302,"ControllerId":10,"Zone":1,"NewPosition":2}]}}},&#xD;
{"Type":"ZONE_POSITION_CHANGED","Value":{"CardId":null,"ControllerId":10,"EntityId":300,"AdditionalProps":{"ZonePosition":1,"ZoneUpdates":[{"CardId":"BG20_100","EntityId":300,"ControllerId":10,"Zone":1,"NewPosition":1}]}}},&#xD;
{"Type":"CARD_REMOVED_FROM_BOARD","Value":{"CardId":"BG24_009","ControllerId":10,"EntityId":298,"AdditionalProps":{"RemovedByCardId":"TB_BaconShop_8P_PlayerE","RemovedByEntityId":47}}},&#xD;
{"Type":"ZONE_POSITION_CHANGED","Value":{"CardId":null,"ControllerId":10,"EntityId":302,"AdditionalProps":{"ZonePosition":1,"ZoneUpdates":[{"CardId":"BG28_503","EntityId":302,"ControllerId":10,"Zone":1,"NewPosition":1}]}}},&#xD;
[...]
Building opponent board for playerPlayerId=12, playerEntityId=12, &#xD;
Player boards built, &#xD;
Prep BATTLEGROUNDS_RECRUIT_PHASE, &#xD;
Line 10000: Avg=0.012ms, Max=0.000ms, Slow lines=8&#xD;
Prep BATTLEGROUNDS_COMBAT_START, &#xD;
Line 11000: Avg=0.012ms, Max=0.000ms, Slow lines=9&#xD;
Line 12000: Avg=0.012ms, Max=0.000ms, Slow lines=10&#xD;
Line 13000: Avg=0.012ms, Max=0.000ms, Slow lines=10&#xD;
Starting to build player boards, TAG_CHANGE Entity=GameEntity tag=2022 value=0&#xD;
Building opponent board for playerPlayerId=12, playerEntityId=12, &#xD;
Player boards built, &#xD;
Prep BATTLEGROUNDS_RECRUIT_PHASE, &#xD;
Line 14000: Avg=0.012ms, Max=0.000ms, Slow lines=12&#xD;
Line 15000: Avg=0.012ms, Max=0.000ms, Slow lines=12&#xD;
Prep BATTLEGROUNDS_COMBAT_START, &#xD;
Line 16000: Avg=0.012ms, Max=0.000ms, Slow lines=13&#xD;
Line 17000: Avg=0.013ms, Max=0.000ms, Slow lines=14&#xD;
Starting to build player boards, TAG_CHANGE Entity=GameEntity tag=2022 value=0&#xD;
Building opponent board for playerPlayerId=12, playerEntityId=12, &#xD;
Player boards built, &#xD;
Line 18000: Avg=0.014ms, Max=0.000ms, Slow lines=15&#xD;
Prep BATTLEGROUNDS_RECRUIT_PHASE, &#xD;
Line 19000: Avg=0.014ms, Max=0.000ms, Slow lines=16&#xD;
Prep BATTLEGROUNDS_COMBAT_START, &#xD;
Line 20000: Avg=0.014ms, Max=0.000ms, Slow lines=17&#xD;
Line 21000: Avg=0.014ms, Max=0.000ms, Slow lines=18&#xD;
Line 22000: Avg=0.014ms, Max=0.000ms, Slow lines=19&#xD;
Starting to build player boards, TAG_CHANGE Entity=GameEntity tag=2022 value=0&#xD;
Building opponent board for playerPlayerId=12, playerEntityId=12, &#xD;
Providing player board events 12/31/2025 12:15:25 PM TAG_CHANGE Entity=GameEntity tag=2022 value=0, player:  opponent: BG22_401_G'BG34_140_G'BG34_Giant_017&#xD;
Player boards built, &#xD;
Line 23000: Avg=0.014ms, Max=0.000ms, Slow lines=21&#xD;
Prep BATTLEGROUNDS_RECRUIT_PHASE, &#xD;
No match, D 11:53:40.7886294 ChoiceCardMgr.DoesLocalChoiceMatchPacket(): Null list passed in! localChoices=, packetChoices=System.Collections.Generic.List`1[System.Int32].&#xD;
Line 24000: Avg=0.014ms, Max=0.000ms, Slow lines=22&#xD;
Prep BATTLEGROUNDS_COMBAT_START, &#xD;
Line 25000: Avg=0.014ms, Max=0.000ms, Slow lines=23&#xD;
Line 26000: Avg=0.014ms, Max=0.000ms, Slow lines=24&#xD;
Line 27000: Avg=0.014ms, Max=0.000ms, Slow lines=24&#xD;
Starting to build player boards, TAG_CHANGE Entity=GameEntity tag=2022 value=0&#xD;
Building opponent board for playerPlayerId=12, playerEntityId=12, &#xD;
Player boards built, &#xD;
Line 28000: Avg=0.014ms, Max=0.000ms, Slow lines=26&#xD;
Prep BATTLEGROUNDS_RECRUIT_PHASE, &#xD;
Line 29000: Avg=0.014ms, Max=0.000ms, Slow lines=27&#xD;
Prep BATTLEGROUNDS_COMBAT_START, &#xD;
Line 30000: Avg=0.014ms, Max=0.000ms, Slow lines=28&#xD;
Line 31000: Avg=0.014ms, Max=0.000ms, Slow lines=29&#xD;
Line 32000: Avg=0.014ms, Max=0.000ms, Slow lines=29&#xD;
Starting to build player boards, TAG_CHANGE Entity=GameEntity tag=2022 value=0&#xD;
Building opponent board for playerPlayerId=12, playerEntityId=12, &#xD;
Player boards built, &#xD;
Line 33000: Avg=0.015ms, Max=0.000ms, Slow lines=31&#xD;
Prep BATTLEGROUNDS_RECRUIT_PHASE, &#xD;
Line 34000: Avg=0.015ms, Max=0.000ms, Slow lines=31&#xD;
Providing player board events 12/31/2025 11:46:29 AM TAG_CHANGE Entity=GameEntity tag=2022 value=0, player:  opponent: BG25_001&#xD;
Providing player board events 12/31/2025 11:47:23 AM TAG_CHANGE Entity=GameEntity tag=2022 value=0, player:  opponent: &#xD;
Providing player board events 12/31/2025 11:48:25 AM TAG_CHANGE Entity=GameEntity tag=2022 value=0, player:  opponent: BGS_115'BG20_100&#xD;
Providing player board events 12/31/2025 11:49:43 AM TAG_CHANGE Entity=GameEntity tag=2022 value=0, player:  opponent: BG20_203'BG27_028'BG32_235&#xD;
Providing player board events 12/31/2025 11:51:15 AM TAG_CHANGE Entity=GameEntity tag=2022 value=0, player:  opponent: BG33_886'BG33_886'BG20_100'BG20_100'BG27_028&#xD;
Line 35000: Avg=0.015ms, Max=0.000ms, Slow lines=31&#xD;
Prep BATTLEGROUNDS_COMBAT_START, &#xD;
Line 36000: Avg=0.015ms, Max=0.000ms, Slow lines=32&#xD;
Line 37000: Avg=0.014ms, Max=0.000ms, Slow lines=33&#xD;
Line 38000: Avg=0.014ms, Max=0.000ms, Slow lines=33&#xD;
Line 39000: Avg=0.014ms, Max=0.000ms, Slow lines=34&#xD;
Ending current game in GS, TAG_CHANGE Entity=GameEntity tag=STATE value=COMPLETE&#xD;
Game Ended in type=GameState, Ended=True&#xD;
Starting to build player boards, TAG_CHANGE Entity=GameEntity tag=2022 value=0&#xD;
Building opponent board for playerPlayerId=12, playerEntityId=12, &#xD;
Player boards built, &#xD;
Line 40000: Avg=0.014ms, Max=0.000ms, Slow lines=37&#xD;
Parsing end game, TAG_CHANGE Entity=GameEntity tag=STATE value=COMPLETE&#xD;
Will convert to xml, &#xD;
XML converted, &#xD;
gameStateReport built, &#xD;
Enqueuing GAME_END event, &#xD;
Game Ended in type=PowerTaskList, Ended=True&#xD;
Clearing 40540 processed lines, D 12:06:08.0932187 GameState.DebugPrintPower() - CREATE_GAME&#xD;
Providing player board events 12/31/2025 11:53:51 AM TAG_CHANGE Entity=GameEntity tag=2022 value=0, player:  opponent: &#xD;
Providing player board events 12/31/2025 11:55:48 AM TAG_CHANGE Entity=GameEntity tag=2022 value=0, player:  opponent: BG28_300_G'BG34_Giant_332'BG26_ICC_901&#xD;
Providing player board events 12/31/2025 11:57:43 AM TAG_CHANGE Entity=GameEntity tag=2022 value=0, player:  opponent: BG33_111'BG25_010'BGS_071'BG31_177_G'BGS_066'BG34_170&#xD;
Handling create game, &#xD;
Is reconnecting?, statType=GameState, ended=True, creates=1, spectating=False, gameSeed=1947879353, currentGameSeed=0&#xD;
resetting game state, ended is now Ended=False, GameState&#xD;
will emit NEW_GAME event, CREATE_GAME&#xD;
Created a new game, GameState 12/31/2025 12:06:08 PM,12/31/2025 11:57:50 AM&#xD;
No show entity, fallback to fullentity in hand, &#xD;
No full entity in hand, fallback to fullentity, &#xD;
Tried to assign player name, PlayerID=2, PlayerName=Daedin#2991&#xD;
Tried to assign player name, PlayerID=10, PlayerName=MagicTurtle&#xD;
Handling create game, &#xD;
resetting game state, ended is now Ended=False, PowerTaskList&#xD;
Created a new game, PowerTaskList 12/31/2025 12:06:08 PM,12/31/2025 12:06:08 PM&#xD;
Line 41000: Avg=0.015ms, Max=0.000ms, Slow lines=39&#xD;
will consider hero selection event, 4&#xD;
will emit hero selection event, &#xD;
Line 42000: Avg=0.015ms, Max=0.000ms, Slow lines=39&#xD;
Prep BATTLEGROUNDS_RECRUIT_PHASE, &#xD;
Line 43000: Avg=0.015ms, Max=0.000ms, Slow lines=39&#xD;
Line 44000: Avg=0.015ms, Max=0.000ms, Slow lines=40&#xD;
Line 45000: Avg=0.015ms, Max=0.000ms, Slow lines=41&#xD;
Line 46000: Avg=0.015ms, Max=0.000ms, Slow lines=41&#xD;
Prep BATTLEGROUNDS_COMBAT_START, &#xD;
Line 47000: Avg=0.015ms, Max=0.000ms, Slow lines=42&#xD;
Starting to build player boards, TAG_CHANGE Entity=GameEntity tag=2022 value=0&#xD;
Building opponent board for playerPlayerId=10, playerEntityId=6, &#xD;
Player boards built, &#xD;
Line 48000: Avg=0.015ms, Max=0.000ms, Slow lines=43&#xD;
Prep BATTLEGROUNDS_RECRUIT_PHASE, &#xD;
Line 49000: Avg=0.014ms, Max=0.000ms, Slow lines=44&#xD;
Line 50000: Avg=0.014ms, Max=0.000ms, Slow lines=44&#xD;
Prep BATTLEGROUNDS_COMBAT_START, &#xD;
Line 51000: Avg=0.014ms, Max=0.000ms, Slow lines=45&#xD;
Starting to build player boards, TAG_CHANGE Entity=GameEntity tag=2022 value=0&#xD;
Building opponent board for playerPlayerId=10, playerEntityId=6, &#xD;
Player boards built, &#xD;
Line 52000: Avg=0.014ms, Max=0.000ms, Slow lines=47&#xD;
Prep BATTLEGROUNDS_RECRUIT_PHASE, &#xD;
Line 53000: Avg=0.014ms, Max=0.000ms, Slow lines=48&#xD;
Line 54000: Avg=0.014ms, Max=0.000ms, Slow lines=48&#xD;
Prep BATTLEGROUNDS_COMBAT_START, &#xD;
Line 55000: Avg=0.014ms, Max=0.000ms, Slow lines=49&#xD;
Line 56000: Avg=0.014ms, Max=0.000ms, Slow lines=49&#xD;
Starting to build player boards, TAG_CHANGE Entity=GameEntity tag=2022 value=0&#xD;
Building opponent board for playerPlayerId=10, playerEntityId=6, &#xD;
Player boards built, &#xD;
Prep BATTLEGROUNDS_RECRUIT_PHASE, &#xD;
Line 57000: Avg=0.014ms, Max=0.000ms, Slow lines=52&#xD;
Line 58000: Avg=0.014ms, Max=0.000ms, Slow lines=53&#xD;
Line 59000: Avg=0.014ms, Max=0.000ms, Slow lines=53&#xD;
Prep BATTLEGROUNDS_COMBAT_START, &#xD;
Line 60000: Avg=0.014ms, Max=0.000ms, Slow lines=54&#xD;
Starting to build player boards, TAG_CHANGE Entity=GameEntity tag=2022 value=0&#xD;
Building opponent board for playerPlayerId=10, playerEntityId=6, &#xD;
WARNING: could not find hero power, &#xD;
Player boards built, &#xD;
Line 61000: Avg=0.014ms, Max=0.000ms, Slow lines=56&#xD;
Prep BATTLEGROUNDS_RECRUIT_PHASE, &#xD;
Line 62000: Avg=0.014ms, Max=0.000ms, Slow lines=56&#xD;
Line 63000: Avg=0.014ms, Max=0.000ms, Slow lines=57&#xD;
Line 64000: Avg=0.014ms, Max=0.000ms, Slow lines=57&#xD;
Line 65000: Avg=0.014ms, Max=0.000ms, Slow lines=57&#xD;
Prep BATTLEGROUNDS_COMBAT_START, &#xD;
Line 66000: Avg=0.014ms, Max=0.000ms, Slow lines=58&#xD;
Line 67000: Avg=0.014ms, Max=0.000ms, Slow lines=58&#xD;
Line 68000: Avg=0.014ms, Max=0.000ms, Slow lines=59&#xD;
Starting to build player boards, TAG_CHANGE Entity=GameEntity tag=2022 value=0&#xD;
Building opponent board for playerPlayerId=10, playerEntityId=6, &#xD;
Player boards built, &#xD;
Prep BATTLEGROUNDS_RECRUIT_PHASE, &#xD;
Line 69000: Avg=0.014ms, Max=0.000ms, Slow lines=61&#xD;
No match, D 12:15:08.6164664 ChoiceCardMgr.DoesLocalChoiceMatchPacket(): Null list passed in! localChoices=, packetChoices=System.Collections.Generic.List`1[System.Int32].&#xD;
Line 70000: Avg=0.014ms, Max=0.000ms, Slow lines=61&#xD;
Line 71000: Avg=0.014ms, Max=0.000ms, Slow lines=62&#xD;
Prep BATTLEGROUNDS_COMBAT_START, &#xD;
Line 72000: Avg=0.014ms, Max=0.000ms, Slow lines=63&#xD;
Line 73000: Avg=0.014ms, Max=0.000ms, Slow lines=64&#xD;
Line 74000: Avg=0.014ms, Max=0.000ms, Slow lines=65&#xD;
Line 75000: Avg=0.014ms, Max=0.000ms, Slow lines=66&#xD;
Starting to build player boards, TAG_CHANGE Entity=GameEntity tag=2022 value=0&#xD;
Building opponent board for playerPlayerId=10, playerEntityId=6, &#xD;
Player boards built, &#xD;
Line 76000: Avg=0.014ms, Max=0.000ms, Slow lines=68&#xD;
Prep BATTLEGROUNDS_RECRUIT_PHASE, &#xD;
Line 77000: Avg=0.014ms, Max=0.000ms, Slow lines=69&#xD;
Parsing end game, TAG_CHANGE Entity=Daedin#2991 tag=3479 value=1&#xD;
Will convert to xml, &#xD;
XML converted, &#xD;
gameStateReport built, &#xD;
Enqueuing GAME_END event, &#xD;
Game Ended in type=PowerTaskList, Ended=True&#xD;
Ending current game in GS, TAG_CHANGE Entity=GameEntity tag=STATE value=COMPLETE&#xD;
Game Ended in type=GameState, Ended=True&#xD;
Parsing end game, TAG_CHANGE Entity=GameEntity tag=STATE value=COMPLETE&#xD;
Will convert to xml, &#xD;
XML converted, &#xD;
gameStateReport built, &#xD;
Enqueuing GAME_END event, &#xD;
Game Ended in type=PowerTaskList, Ended=True&#xD;

Total Time: 1216 ms&#xD;
Average Line Time: 0.015 ms&#xD;
Max Line Time: 0.000 ms&#xD;
95th Percentile: 0.000 ms&#xD;
99th Percentile: 0.000 ms&#xD;

Top 20 Slowest Lines:&#xD;
Line 40506: 0.000ms - D 11:57:50.8649653 PowerTaskList.DebugPrintPower() -     TAG_CHANGE Entity=GameEntity tag=STATE valu&#xD;
Line 77338: 0.000ms - D 12:16:06.0301362 PowerTaskList.DebugPrintPower() -     TAG_CHANGE Entity=Daedin#2991 tag=3479 valu&#xD;
Line 77459: 0.000ms - D 12:16:06.2317350 PowerTaskList.DebugPrintPower() -     TAG_CHANGE Entity=GameEntity tag=STATE valu&#xD;
Line 75176: 0.000ms - D 12:15:25.4823797 PowerTaskList.DebugPrintPower() -     TAG_CHANGE Entity=GameEntity tag=2022 value&#xD;
Line 32537: 0.000ms - D 11:55:48.4817883 PowerTaskList.DebugPrintPower() -     TAG_CHANGE Entity=GameEntity tag=2022 value&#xD;
Line 39559: 0.000ms - D 11:57:43.3526288 PowerTaskList.DebugPrintPower() -     TAG_CHANGE Entity=GameEntity tag=2022 value&#xD;
Line 410: 0.000ms - D 11:44:27.5436910 GameState.DebugPrintPower() -     FULL_ENTITY - Creating ID=103 CardID=BG34_HERO_&#xD;
Line 27420: 0.000ms - D 11:53:51.5372095 PowerTaskList.DebugPrintPower() -     TAG_CHANGE Entity=GameEntity tag=2022 value&#xD;
Line 13118: 0.000ms - D 11:48:25.2706358 PowerTaskList.DebugPrintPower() -     TAG_CHANGE Entity=GameEntity tag=2022 value&#xD;
Line 68018: 0.000ms - D 12:12:44.2914324 PowerTaskList.DebugPrintPower() -     TAG_CHANGE Entity=GameEntity tag=2022 value&#xD;
Line 17619: 0.000ms - D 11:49:43.1505170 PowerTaskList.DebugPrintPower() -     TAG_CHANGE Entity=GameEntity tag=2022 value&#xD;
Line 9291: 0.000ms - D 11:47:23.4805265 PowerTaskList.DebugPrintPower() -     TAG_CHANGE Entity=GameEntity tag=2022 value&#xD;
Line 22247: 0.000ms - D 11:51:15.5451924 PowerTaskList.DebugPrintPower() -     TAG_CHANGE Entity=GameEntity tag=2022 value&#xD;
Line 60383: 0.000ms - D 12:11:09.2959249 PowerTaskList.DebugPrintPower() -     TAG_CHANGE Entity=[entityName=Kel'Thuzad id&#xD;
Line 29515: 0.000ms - D 11:55:42.2320917 PowerTaskList.DebugPrintPower() -     TAG_CHANGE Entity=[entityName=Razorfen Geom&#xD;
Line 21863: 0.000ms - D 11:51:12.6786665 PowerTaskList.DebugPrintPower() -     TAG_CHANGE Entity=[entityName=UNKNOWN ENTIT&#xD;
Line 47660: 0.000ms - D 12:08:00.6888671 PowerTaskList.DebugPrintPower() -     TAG_CHANGE Entity=GameEntity tag=2022 value&#xD;
Line 56327: 0.000ms - D 12:09:55.2647229 PowerTaskList.DebugPrintPower() -     TAG_CHANGE Entity=GameEntity tag=2022 value&#xD;
Line 60617: 0.000ms - D 12:11:12.0785670 PowerTaskList.DebugPrintPower() -     TAG_CHANGE Entity=GameEntity tag=2022 value&#xD;
Line 38157: 0.000ms - D 11:57:39.8148976 GameState.DebugPrintPower() -     TAG_CHANGE Entity=[entityName=Handless Forsaken</StdOut>
      </Output>
    </UnitTestResult>
  </Results>
  <TestDefinitions>
    <UnitTest name="BenchmarkLineByLine" storage="d:\sources\firestone\hs-game-converter-csharp-port\hearthstonereplaytests\bin\release\hearthstonereplaytests.dll" id="9910b373-1b3c-9c3f-c8d2-dd1e1ba25b01">
      <Execution id="4f95ecba-e0ad-4f90-ba68-fd2c2ba8ee53" />
      <TestMethod codeBase="d:\sources\firestone\hs-game-converter-csharp-port\HearthstoneReplayTests\bin\Release\HearthstoneReplayTests.dll" adapterTypeName="executor://mstestadapter/v2" className="HearthstoneReplayTests.PerformanceBenchmarkTest" name="BenchmarkLineByLine" />
    </UnitTest>
    <UnitTest name="BenchmarkMemoryProfile" storage="d:\sources\firestone\hs-game-converter-csharp-port\hearthstonereplaytests\bin\release\hearthstonereplaytests.dll" id="dfccb1b2-dc7f-e546-7ada-38aaef1d4962">
      <Execution id="031bbd1c-7eed-486e-a5a8-21144111355f" />
      <TestMethod codeBase="d:\sources\firestone\hs-game-converter-csharp-port\HearthstoneReplayTests\bin\Release\HearthstoneReplayTests.dll" adapterTypeName="executor://mstestadapter/v2" className="HearthstoneReplayTests.PerformanceBenchmarkTest" name="BenchmarkMemoryProfile" />
    </UnitTest>
    <UnitTest name="LeakTest" storage="d:\sources\firestone\hs-game-converter-csharp-port\hearthstonereplaytests\bin\release\hearthstonereplaytests.dll" id="3ee39c78-bdd2-487a-95cd-5ee6375b9360">
      <Execution id="53522a43-2299-412c-8dd5-c713c83e6c8d" />
      <TestMethod codeBase="d:\sources\firestone\hs-game-converter-csharp-port\HearthstoneReplayTests\bin\Release\HearthstoneReplayTests.dll" adapterTypeName="executor://mstestadapter/v2" className="HearthstoneReplayTests.ReplayDataTests" name="LeakTest" />
    </UnitTest>
    <UnitTest name="Test" storage="d:\sources\firestone\hs-game-converter-csharp-port\hearthstonereplaytests\bin\release\hearthstonereplaytests.dll" id="cfc6e2bb-23bf-5f65-d6c5-bfe46422161c">
      <Execution id="b4734d87-324e-48ec-bf01-9f0fae8b4402" />
      <TestMethod codeBase="d:\sources\firestone\hs-game-converter-csharp-port\HearthstoneReplayTests\bin\Release\HearthstoneReplayTests.dll" adapterTypeName="executor://mstestadapter/v2" className="HearthstoneReplayTests.ReplayDataTests" name="Test" />
    </UnitTest>
    <UnitTest name="BenchmarkRegexPerformance" storage="d:\sources\firestone\hs-game-converter-csharp-port\hearthstonereplaytests\bin\release\hearthstonereplaytests.dll" id="ca607215-dd44-983e-e3a2-7d0d56261da3">
      <Execution id="48b602ae-f6b0-4482-8fb9-3220858f5f6c" />
      <TestMethod codeBase="d:\sources\firestone\hs-game-converter-csharp-port\HearthstoneReplayTests\bin\Release\HearthstoneReplayTests.dll" adapterTypeName="executor://mstestadapter/v2" className="HearthstoneReplayTests.PerformanceBenchmarkTest" name="BenchmarkRegexPerformance" />
    </UnitTest>
    <UnitTest name="BenchmarkFullParse" storage="d:\sources\firestone\hs-game-converter-csharp-port\hearthstonereplaytests\bin\release\hearthstonereplaytests.dll" id="2714085a-040a-7d13-1888-b23718789c26">
      <Execution id="82ebfc64-ce0d-483e-9ea1-46a6a29dced9" />
      <TestMethod codeBase="d:\sources\firestone\hs-game-converter-csharp-port\HearthstoneReplayTests\bin\Release\HearthstoneReplayTests.dll" adapterTypeName="executor://mstestadapter/v2" className="HearthstoneReplayTests.PerformanceBenchmarkTest" name="BenchmarkFullParse" />
    </UnitTest>
    <UnitTest name="BenchmarkMultipleRuns" storage="d:\sources\firestone\hs-game-converter-csharp-port\hearthstonereplaytests\bin\release\hearthstonereplaytests.dll" id="3031d3f9-0b7a-9ee8-678b-4118e4dcbdd0">
      <Execution id="2f05c38f-cb49-4757-a946-ec4d8e259667" />
      <TestMethod codeBase="d:\sources\firestone\hs-game-converter-csharp-port\HearthstoneReplayTests\bin\Release\HearthstoneReplayTests.dll" adapterTypeName="executor://mstestadapter/v2" className="HearthstoneReplayTests.PerformanceBenchmarkTest" name="BenchmarkMultipleRuns" />
    </UnitTest>
    <UnitTest name="TestCountEvents" storage="d:\sources\firestone\hs-game-converter-csharp-port\hearthstonereplaytests\bin\release\hearthstonereplaytests.dll" id="220a726f-4d79-6cc3-50fa-9eba92d0164e">
      <Execution id="5bf89b0a-cb2c-4aca-87e6-8cbf052aedf6" />
      <TestMethod codeBase="d:\sources\firestone\hs-game-converter-csharp-port\HearthstoneReplayTests\bin\Release\HearthstoneReplayTests.dll" adapterTypeName="executor://mstestadapter/v2" className="HearthstoneReplayTests.ReplayDataTests" name="TestCountEvents" />
    </UnitTest>
  </TestDefinitions>
  <TestEntries>
    <TestEntry testId="dfccb1b2-dc7f-e546-7ada-38aaef1d4962" executionId="031bbd1c-7eed-486e-a5a8-21144111355f" testListId="8c84fa94-04c1-424b-9868-57a2d4851a1d" />
    <TestEntry testId="3031d3f9-0b7a-9ee8-678b-4118e4dcbdd0" executionId="2f05c38f-cb49-4757-a946-ec4d8e259667" testListId="8c84fa94-04c1-424b-9868-57a2d4851a1d" />
    <TestEntry testId="cfc6e2bb-23bf-5f65-d6c5-bfe46422161c" executionId="b4734d87-324e-48ec-bf01-9f0fae8b4402" testListId="8c84fa94-04c1-424b-9868-57a2d4851a1d" />
    <TestEntry testId="2714085a-040a-7d13-1888-b23718789c26" executionId="82ebfc64-ce0d-483e-9ea1-46a6a29dced9" testListId="8c84fa94-04c1-424b-9868-57a2d4851a1d" />
    <TestEntry testId="ca607215-dd44-983e-e3a2-7d0d56261da3" executionId="48b602ae-f6b0-4482-8fb9-3220858f5f6c" testListId="8c84fa94-04c1-424b-9868-57a2d4851a1d" />
    <TestEntry testId="220a726f-4d79-6cc3-50fa-9eba92d0164e" executionId="5bf89b0a-cb2c-4aca-87e6-8cbf052aedf6" testListId="8c84fa94-04c1-424b-9868-57a2d4851a1d" />
    <TestEntry testId="3ee39c78-bdd2-487a-95cd-5ee6375b9360" executionId="53522a43-2299-412c-8dd5-c713c83e6c8d" testListId="8c84fa94-04c1-424b-9868-57a2d4851a1d" />
    <TestEntry testId="9910b373-1b3c-9c3f-c8d2-dd1e1ba25b01" executionId="4f95ecba-e0ad-4f90-ba68-fd2c2ba8ee53" testListId="8c84fa94-04c1-424b-9868-57a2d4851a1d" />
  </TestEntries>
  <TestLists>
    <TestList name="Results Not in a List" id="8c84fa94-04c1-424b-9868-57a2d4851a1d" />
    <TestList name="All Loaded Results" id="19431567-8539-422a-85d7-44ee4e166bda" />
  </TestLists>
  <ResultSummary outcome="Failed">
    <Counters total="8" executed="8" passed="6" failed="2" error="0" timeout="0" aborted="0" inconclusive="0" passedButRunAborted="0" notRunnable="0" notExecuted="0" disconnected="0" warning="0" completed="0" inProgress="0" pending="0" />
  </ResultSummary>
</TestRun>